{"logTime": "1202/094220", "correlationVector":"zq9YgYGCBtFHUnXUtr1vTE.6","action":"GetUpdates", "result":"DeleteReceived", "context":{"id":"ec9f74b1-6605-4e3b-b81b-6dc14e65a83f", "isDeleted:":"true", "version":"1732891577226"}}
{"logTime": "1202/094220", "correlationVector":"zq9YgYGCBtFHUnXUtr1vTE.7","action":"GetUpdates", "result":"DeleteReceived", "context":{"id":"1a6d9396-aca2-4729-abab-9f40b9a69963", "isDeleted:":"true", "version":"1732891577228"}}
{"logTime": "1202/094220", "correlationVector":"zq9YgYGCBtFHUnXUtr1vTE.8","action":"GetUpdates", "result":"DeleteReceived", "context":{"id":"73b51d2a-bdcd-4d9a-bc9c-30678df45317", "isDeleted:":"true", "version":"1733025976753"}}
{"logTime": "1202/094220", "correlationVector":"zq9YgYGCBtFHUnXUtr1vTE.9","action":"GetUpdates", "result":"DeleteReceived", "context":{"id":"d6c6d101-1dd2-48e1-890b-29cd1312508a", "isDeleted:":"true", "version":"1733025977913"}}
{"logTime": "1202/094220", "correlationVector":"zq9YgYGCBtFHUnXUtr1vTE.10","action":"GetUpdates", "result":"DeleteReceived", "context":{"id":"4a4e4864-29ba-4117-a075-bcd9981ea994", "isDeleted:":"true", "version":"1733025980286"}}
{"logTime": "1202/094220", "correlationVector":"zq9YgYGCBtFHUnXUtr1vTE.11","action":"GetUpdates", "result":"DeleteReceived", "context":{"id":"e0dcd234-05ba-4325-b80f-7d3a4fae04c8", "isDeleted:":"true", "version":"1733025993307"}}
{"logTime": "1202/094220", "correlationVector":"zq9YgYGCBtFHUnXUtr1vTE.12","action":"GetUpdates", "result":"DeleteReceived", "context":{"id":"9a09ba65-dbae-4c29-948c-6745e4a0e78b", "isDeleted:":"true", "version":"1733025993308"}}
{"logTime": "1202/094220", "correlationVector":"zq9YgYGCBtFHUnXUtr1vTE.13","action":"GetUpdates", "result":"DeleteReceived", "context":{"id":"cef99fe6-3465-44a5-9e4d-603604b79acb", "isDeleted:":"true", "version":"1733058157492"}}
{"logTime": "1202/094220", "correlationVector":"zq9YgYGCBtFHUnXUtr1vTE.14","action":"GetUpdates", "result":"DeleteReceived", "context":{"id":"afafb6fb-7ec3-49a5-9497-b07caf0e3be2", "isDeleted:":"true", "version":"1733058158570"}}
{"logTime": "1202/094220", "correlationVector":"zq9YgYGCBtFHUnXUtr1vTE.15","action":"GetUpdates", "result":"DeleteReceived", "context":{"id":"3dc3d127-8e38-4305-8404-9d2d1bb40363", "isDeleted:":"true", "version":"1733058159621"}}
{"logTime": "1202/094220", "correlationVector":"zq9YgYGCBtFHUnXUtr1vTE.16","action":"GetUpdates", "result":"DeleteReceived", "context":{"id":"943a2c1c-e128-4c87-8b52-d157827c3376", "isDeleted:":"true", "version":"1733058179406"}}
{"logTime": "1202/094220", "correlationVector":"zq9YgYGCBtFHUnXUtr1vTE.17","action":"GetUpdates", "result":"DeleteReceived", "context":{"id":"800651b9-ef0f-4a77-a74b-5b28dc88a2b6", "isDeleted:":"true", "version":"1732891519211"}}
{"logTime": "1202/094220", "correlationVector":"zq9YgYGCBtFHUnXUtr1vTE.18","action":"GetUpdates", "result":"DeleteReceived", "context":{"id":"c40f3acc-29f1-4fea-905c-cef9b90c6e54", "isDeleted:":"true", "version":"1732891560916"}}
{"logTime": "1202/094220", "correlationVector":"zq9YgYGCBtFHUnXUtr1vTE.19","action":"GetUpdates", "result":"DeleteReceived", "context":{"id":"d1dcba35-7d09-482e-b54b-4d6eed06aca4", "isDeleted:":"true", "version":"1732891560918"}}
{"logTime": "1202/094220", "correlationVector":"zq9YgYGCBtFHUnXUtr1vTE.20","action":"GetUpdates", "result":"DeleteReceived", "context":{"id":"6c545944-d60c-48d9-aba3-49cecc76550c", "isDeleted:":"true", "version":"1732891567704"}}
{"logTime": "1202/094220", "correlationVector":"zq9YgYGCBtFHUnXUtr1vTE.21","action":"GetUpdates", "result":"DeleteReceived", "context":{"id":"a4a7ccf1-d71e-4356-a80a-67e78bcd4c02", "isDeleted:":"true", "version":"1732891625662"}}
{"logTime": "1202/094220", "correlationVector":"zq9YgYGCBtFHUnXUtr1vTE.22","action":"GetUpdates", "result":"DeleteReceived", "context":{"id":"3756691b-d747-44f9-bb05-38ed8380182d", "isDeleted:":"true", "version":"1732891932947"}}
{"logTime": "1202/094220", "correlationVector":"zq9YgYGCBtFHUnXUtr1vTE.23","action":"GetUpdates", "result":"DeleteReceived", "context":{"id":"8405022f-09e1-4a54-815e-82fb327fc969", "isDeleted:":"true", "version":"1732891932948"}}
{"logTime": "1202/094220", "correlationVector":"zq9YgYGCBtFHUnXUtr1vTE.24","action":"GetUpdates", "result":"DeleteReceived", "context":{"id":"b5d29434-7851-4a1a-9af5-94d4ef7ebb48", "isDeleted:":"true", "version":"1732892091520"}}
{"logTime": "1202/094220", "correlationVector":"zq9YgYGCBtFHUnXUtr1vTE.25","action":"GetUpdates", "result":"DeleteReceived", "context":{"id":"de60fff1-e56d-47fd-870c-1a5c212bf9ff", "isDeleted:":"true", "version":"1732892091521"}}
{"logTime": "1202/094220", "correlationVector":"zq9YgYGCBtFHUnXUtr1vTE.26","action":"GetUpdates", "result":"DeleteReceived", "context":{"id":"1d7cf79d-38e5-4908-b2a7-bda1dffd1e5e", "isDeleted:":"true", "version":"1732892091522"}}
{"logTime": "1202/094220", "correlationVector":"zq9YgYGCBtFHUnXUtr1vTE.27","action":"GetUpdates", "result":"DeleteReceived", "context":{"id":"3c6f4c48-43ee-4d2a-bedb-4f439972eb31", "isDeleted:":"true", "version":"1732939242944"}}
{"logTime": "1202/094220", "correlationVector":"zq9YgYGCBtFHUnXUtr1vTE.28","action":"GetUpdates", "result":"DeleteReceived", "context":{"id":"52050f6e-7056-4d34-928f-cf54549c18e5", "isDeleted:":"true", "version":"1732941677841"}}
{"logTime": "1202/094220", "correlationVector":"zq9YgYGCBtFHUnXUtr1vTE.29","action":"GetUpdates", "result":"DeleteReceived", "context":{"id":"297aac46-accc-4578-92cb-5963e965e847", "isDeleted:":"true", "version":"1732942391389"}}
{"logTime": "1202/094220", "correlationVector":"zq9YgYGCBtFHUnXUtr1vTE.30","action":"GetUpdates", "result":"DeleteReceived", "context":{"id":"8e5293a1-3869-416d-9939-5aa6a1507d07", "isDeleted:":"true", "version":"1732943585949"}}
{"logTime": "1202/094220", "correlationVector":"zq9YgYGCBtFHUnXUtr1vTE.31","action":"GetUpdates", "result":"DeleteReceived", "context":{"id":"7c942c08-d62c-440e-bc78-e419a3b5ccb6", "isDeleted:":"true", "version":"1732951639505"}}
{"logTime": "1202/094220", "correlationVector":"zq9YgYGCBtFHUnXUtr1vTE.32","action":"GetUpdates", "result":"DeleteReceived", "context":{"id":"7242be59-c4e7-482a-be7b-64c0c31620b1", "isDeleted:":"true", "version":"1732951639506"}}
{"logTime": "1202/094220", "correlationVector":"zq9YgYGCBtFHUnXUtr1vTE.33","action":"GetUpdates", "result":"DeleteReceived", "context":{"id":"cc7851ef-e61a-4d03-bb05-732c680967be", "isDeleted:":"true", "version":"1732952231134"}}
{"logTime": "1202/094220", "correlationVector":"zq9YgYGCBtFHUnXUtr1vTE.34","action":"GetUpdates", "result":"DeleteReceived", "context":{"id":"f17691ee-26c8-49c5-b239-e8e55a6bf77b", "isDeleted:":"true", "version":"1732955636250"}}
{"logTime": "1202/094220", "correlationVector":"zq9YgYGCBtFHUnXUtr1vTE.35","action":"GetUpdates", "result":"DeleteReceived", "context":{"id":"1dd7b1d0-a595-4fc9-9495-9e2f7053fa63", "isDeleted:":"true", "version":"1732957324975"}}
{"logTime": "1202/094220", "correlationVector":"zq9YgYGCBtFHUnXUtr1vTE.36","action":"GetUpdates", "result":"DeleteReceived", "context":{"id":"a71237ea-20a2-4f0c-902b-1e60051a61bd", "isDeleted:":"true", "version":"1732960919468"}}
{"logTime": "1202/094220", "correlationVector":"zq9YgYGCBtFHUnXUtr1vTE.37","action":"GetUpdates", "result":"DeleteReceived", "context":{"id":"b495d6db-591a-409f-af86-29bb584f186f", "isDeleted:":"true", "version":"1732962227616"}}
{"logTime": "1202/094220", "correlationVector":"zq9YgYGCBtFHUnXUtr1vTE.38","action":"GetUpdates", "result":"DeleteReceived", "context":{"id":"729ba1aa-d955-4379-a07f-dfaa09e91736", "isDeleted:":"true", "version":"1732963435843"}}
{"logTime": "1202/094220", "correlationVector":"zq9YgYGCBtFHUnXUtr1vTE.39","action":"GetUpdates", "result":"DeleteReceived", "context":{"id":"4e7f3dc1-1787-4fca-9e3c-335eac84cf22", "isDeleted:":"true", "version":"1732964221975"}}
{"logTime": "1202/094220", "correlationVector":"zq9YgYGCBtFHUnXUtr1vTE.40","action":"GetUpdates", "result":"DeleteReceived", "context":{"id":"00cc1178-e63d-452f-a4f0-83846e0cf326", "isDeleted:":"true", "version":"1733012324518"}}
{"logTime": "1202/094220", "correlationVector":"zq9YgYGCBtFHUnXUtr1vTE.41","action":"GetUpdates", "result":"DeleteReceived", "context":{"id":"0137604e-c496-4285-9eb1-f5fb47ca7262", "isDeleted:":"true", "version":"1733012324519"}}
{"logTime": "1202/094220", "correlationVector":"zq9YgYGCBtFHUnXUtr1vTE.42","action":"GetUpdates", "result":"DeleteReceived", "context":{"id":"b3af10e1-9694-41dc-9073-755044394d74", "isDeleted:":"true", "version":"1733013576655"}}
{"logTime": "1202/094220", "correlationVector":"zq9YgYGCBtFHUnXUtr1vTE.43","action":"GetUpdates", "result":"DeleteReceived", "context":{"id":"aee7ddeb-077a-4213-8214-da46c42fa514", "isDeleted:":"true", "version":"1733016444519"}}
{"logTime": "1202/094220", "correlationVector":"zq9YgYGCBtFHUnXUtr1vTE.44","action":"GetUpdates", "result":"DeleteReceived", "context":{"id":"8f7a0d94-785c-4d57-a766-35ba73d3335e", "isDeleted:":"true", "version":"1733016444520"}}
{"logTime": "1202/094220", "correlationVector":"zq9YgYGCBtFHUnXUtr1vTE.45","action":"GetUpdates", "result":"DeleteReceived", "context":{"id":"0d6e34ae-b44b-4894-b851-b108d9460f1d", "isDeleted:":"true", "version":"1733017131636"}}
{"logTime": "1202/094220", "correlationVector":"zq9YgYGCBtFHUnXUtr1vTE.46","action":"GetUpdates", "result":"DeleteReceived", "context":{"id":"488cc83a-fdb8-4ef8-86b5-64fe68f1139a", "isDeleted:":"true", "version":"1733017322694"}}
{"logTime": "1202/094220", "correlationVector":"zq9YgYGCBtFHUnXUtr1vTE.47","action":"GetUpdates", "result":"DeleteReceived", "context":{"id":"74f56014-6641-4c1a-b32e-4b4bf114dfc6", "isDeleted:":"true", "version":"1733017370795"}}
{"logTime": "1202/094220", "correlationVector":"zq9YgYGCBtFHUnXUtr1vTE.48","action":"GetUpdates", "result":"DeleteReceived", "context":{"id":"206ca086-425a-4e79-9d6e-51d9300078c4", "isDeleted:":"true", "version":"1733017874967"}}
{"logTime": "1202/094220", "correlationVector":"zq9YgYGCBtFHUnXUtr1vTE.49","action":"GetUpdates", "result":"DeleteReceived", "context":{"id":"234d4ab4-1939-4f76-9ccc-93ac24bb2b2a", "isDeleted:":"true", "version":"1733017874969"}}
{"logTime": "1202/094220", "correlationVector":"zq9YgYGCBtFHUnXUtr1vTE.50","action":"GetUpdates", "result":"DeleteReceived", "context":{"id":"ab6a1b86-e2b1-4c2a-9a5f-ba146db469b7", "isDeleted:":"true", "version":"1733017874970"}}
{"logTime": "1202/094220", "correlationVector":"zq9YgYGCBtFHUnXUtr1vTE.51","action":"GetUpdates", "result":"DeleteReceived", "context":{"id":"bfa55fd0-892c-438d-a708-a97d62c3c278", "isDeleted:":"true", "version":"1733018033692"}}
{"logTime": "1202/094220", "correlationVector":"zq9YgYGCBtFHUnXUtr1vTE.52","action":"GetUpdates", "result":"DeleteReceived", "context":{"id":"fed7df8f-16a5-48e8-90cf-10d847fbe6fe", "isDeleted:":"true", "version":"1733018631498"}}
{"logTime": "1202/094220", "correlationVector":"zq9YgYGCBtFHUnXUtr1vTE.53","action":"GetUpdates", "result":"DeleteReceived", "context":{"id":"25ee1831-e564-43c9-a3ef-4e6e52b4d171", "isDeleted:":"true", "version":"1733018746498"}}
{"logTime": "1202/094220", "correlationVector":"zq9YgYGCBtFHUnXUtr1vTE.54","action":"GetUpdates", "result":"DeleteReceived", "context":{"id":"9276e7de-d759-4777-aea1-da2e8acbc60d", "isDeleted:":"true", "version":"1733019398992"}}
{"logTime": "1202/094220", "correlationVector":"zq9YgYGCBtFHUnXUtr1vTE.55","action":"GetUpdates", "result":"DeleteReceived", "context":{"id":"6f8922e8-4963-4a10-aa9c-973789bf397d", "isDeleted:":"true", "version":"1733019994702"}}
{"logTime": "1202/094220", "correlationVector":"zq9YgYGCBtFHUnXUtr1vTE.56","action":"GetUpdates", "result":"DeleteReceived", "context":{"id":"ff596040-f3d3-4c6c-9d52-60cba1a7d85c", "isDeleted:":"true", "version":"1733019994703"}}
{"logTime": "1202/094220", "correlationVector":"zq9YgYGCBtFHUnXUtr1vTE.57","action":"GetUpdates", "result":"DeleteReceived", "context":{"id":"38a00e34-7954-41ed-a0b6-b81cb1ccac62", "isDeleted:":"true", "version":"1733020053377"}}
{"logTime": "1202/094220", "correlationVector":"zq9YgYGCBtFHUnXUtr1vTE.58","action":"GetUpdates", "result":"DeleteReceived", "context":{"id":"8ccc4f89-a815-454f-b257-29122ca55b42", "isDeleted:":"true", "version":"1733021526620"}}
{"logTime": "1202/094220", "correlationVector":"zq9YgYGCBtFHUnXUtr1vTE.59","action":"GetUpdates", "result":"DeleteReceived", "context":{"id":"114b4665-ec64-449c-a686-b2fc34eabec6", "isDeleted:":"true", "version":"1733021957203"}}
{"logTime": "1202/094220", "correlationVector":"zq9YgYGCBtFHUnXUtr1vTE.60","action":"GetUpdates", "result":"DeleteReceived", "context":{"id":"4b86ac43-ebeb-46f8-b983-9eec56847f07", "isDeleted:":"true", "version":"1733021957204"}}
{"logTime": "1202/094220", "correlationVector":"zq9YgYGCBtFHUnXUtr1vTE.61","action":"GetUpdates", "result":"DeleteReceived", "context":{"id":"8a03ea52-5a06-4063-b321-71665a7a8975", "isDeleted:":"true", "version":"1733022191144"}}
{"logTime": "1202/094220", "correlationVector":"zq9YgYGCBtFHUnXUtr1vTE.62","action":"GetUpdates", "result":"DeleteReceived", "context":{"id":"c17e9266-69c5-45fb-8e44-864cf8aacd96", "isDeleted:":"true", "version":"1733024381943"}}
{"logTime": "1202/094220", "correlationVector":"zq9YgYGCBtFHUnXUtr1vTE.63","action":"GetUpdates", "result":"DeleteReceived", "context":{"id":"c650c53e-6f1d-4707-b90c-9cbeb8548889", "isDeleted:":"true", "version":"1733025668771"}}
{"logTime": "1202/094220", "correlationVector":"zq9YgYGCBtFHUnXUtr1vTE.64","action":"GetUpdates", "result":"DeleteReceived", "context":{"id":"391f47de-0c3a-4d23-85d7-f191996c1baa", "isDeleted:":"true", "version":"1733026613920"}}
{"logTime": "1202/094220", "correlationVector":"zq9YgYGCBtFHUnXUtr1vTE.65","action":"GetUpdates", "result":"DeleteReceived", "context":{"id":"0dba84b2-e258-4c0d-802a-051fc54ffa76", "isDeleted:":"true", "version":"1733028605247"}}
{"logTime": "1202/094220", "correlationVector":"zq9YgYGCBtFHUnXUtr1vTE.66","action":"GetUpdates", "result":"DeleteReceived", "context":{"id":"7dbc868e-f8dc-4221-9da2-2b75fb5cecae", "isDeleted:":"true", "version":"1733028960525"}}
{"logTime": "1202/094220", "correlationVector":"zq9YgYGCBtFHUnXUtr1vTE.67","action":"GetUpdates", "result":"DeleteReceived", "context":{"id":"d6e14fc8-a70f-415e-a038-5d7429e54558", "isDeleted:":"true", "version":"1733029566504"}}
{"logTime": "1202/094220", "correlationVector":"zq9YgYGCBtFHUnXUtr1vTE.68","action":"GetUpdates", "result":"DeleteReceived", "context":{"id":"7927fb03-9c32-4721-a3ae-9b63dd7b3e0f", "isDeleted:":"true", "version":"1733029721638"}}
{"logTime": "1202/094220", "correlationVector":"zq9YgYGCBtFHUnXUtr1vTE.69","action":"GetUpdates", "result":"DeleteReceived", "context":{"id":"81ab154b-2452-4710-b6cf-30a73b039380", "isDeleted:":"true", "version":"1733033343514"}}
{"logTime": "1202/094220", "correlationVector":"zq9YgYGCBtFHUnXUtr1vTE.70","action":"GetUpdates", "result":"DeleteReceived", "context":{"id":"222f96f6-e367-4f51-93c2-0ce5264ebc46", "isDeleted:":"true", "version":"1733033343515"}}
{"logTime": "1202/094220", "correlationVector":"zq9YgYGCBtFHUnXUtr1vTE.71","action":"GetUpdates", "result":"DeleteReceived", "context":{"id":"d2d837f9-0507-4847-9957-28dee8a8af81", "isDeleted:":"true", "version":"1733033343516"}}
{"logTime": "1202/094220", "correlationVector":"zq9YgYGCBtFHUnXUtr1vTE.72","action":"GetUpdates", "result":"DeleteReceived", "context":{"id":"c79cd71d-3ac1-4a79-ba7b-dda405248baf", "isDeleted:":"true", "version":"1733033343517"}}
{"logTime": "1202/094220", "correlationVector":"zq9YgYGCBtFHUnXUtr1vTE.73","action":"GetUpdates", "result":"DeleteReceived", "context":{"id":"9de0c06c-a808-4da4-abca-cf386575928e", "isDeleted:":"true", "version":"1733033343520"}}
{"logTime": "1202/094220", "correlationVector":"zq9YgYGCBtFHUnXUtr1vTE.74","action":"GetUpdates", "result":"DeleteReceived", "context":{"id":"d08d66b1-555f-42fe-8f7d-8c6591eda1c7", "isDeleted:":"true", "version":"1733033443873"}}
{"logTime": "1202/094220", "correlationVector":"zq9YgYGCBtFHUnXUtr1vTE.75","action":"GetUpdates", "result":"DeleteReceived", "context":{"id":"35965276-d632-4703-b2f9-5318bcadf8c6", "isDeleted:":"true", "version":"1733033571010"}}
{"logTime": "1202/094220", "correlationVector":"zq9YgYGCBtFHUnXUtr1vTE.76","action":"GetUpdates", "result":"DeleteReceived", "context":{"id":"7a96af5c-b009-4b65-8467-9f9d5dac99b3", "isDeleted:":"true", "version":"1733033571011"}}
{"logTime": "1202/094220", "correlationVector":"zq9YgYGCBtFHUnXUtr1vTE.77","action":"GetUpdates", "result":"DeleteReceived", "context":{"id":"a46d8a81-6875-491b-89eb-08e4026004bf", "isDeleted:":"true", "version":"1733033655302"}}
{"logTime": "1202/094220", "correlationVector":"zq9YgYGCBtFHUnXUtr1vTE.78","action":"GetUpdates", "result":"DeleteReceived", "context":{"id":"3690c88a-7866-4d25-92d0-28646055e4aa", "isDeleted:":"true", "version":"1733034055885"}}
{"logTime": "1202/094220", "correlationVector":"zq9YgYGCBtFHUnXUtr1vTE.79","action":"GetUpdates", "result":"DeleteReceived", "context":{"id":"4e45b348-9d73-45ab-9192-90dee9c94ba6", "isDeleted:":"true", "version":"1733056288686"}}
{"logTime": "1202/094220", "correlationVector":"zq9YgYGCBtFHUnXUtr1vTE.80","action":"GetUpdates", "result":"DeleteReceived", "context":{"id":"5e3f6910-b947-4d55-a496-3ac0d19e7ec5", "isDeleted:":"true", "version":"1733056288688"}}
{"logTime": "1202/094220", "correlationVector":"zq9YgYGCBtFHUnXUtr1vTE.81","action":"GetUpdates", "result":"DeleteReceived", "context":{"id":"079a583f-5f4d-41ae-8ff8-1e63b161347b", "isDeleted:":"true", "version":"1733056288690"}}
{"logTime": "1202/094220", "correlationVector":"zq9YgYGCBtFHUnXUtr1vTE.82","action":"GetUpdates", "result":"DeleteReceived", "context":{"id":"4ed4f613-0409-4861-b4f1-4cc9435163ee", "isDeleted:":"true", "version":"1733058143460"}}
{"logTime": "1202/094220", "correlationVector":"zq9YgYGCBtFHUnXUtr1vTE.83","action":"GetUpdates", "result":"DeleteReceived", "context":{"id":"e2d86b2a-46b7-438b-9949-2f655e57ce39", "isDeleted:":"true", "version":"1733059339384"}}
{"logTime": "1202/094220", "correlationVector":"zq9YgYGCBtFHUnXUtr1vTE.84","action":"GetUpdates", "result":"DeleteReceived", "context":{"id":"c02d7e28-32de-43df-a9a6-404d02e1d872", "isDeleted:":"true", "version":"1733060466072"}}
{"logTime": "1202/094220", "correlationVector":"zq9YgYGCBtFHUnXUtr1vTE.85","action":"GetUpdates", "result":"DeleteReceived", "context":{"id":"6e73474d-1992-4b31-a55e-f050b465ff6d", "isDeleted:":"true", "version":"1733063190242"}}
{"logTime": "1202/094220", "correlationVector":"zq9YgYGCBtFHUnXUtr1vTE.86","action":"GetUpdates", "result":"DeleteReceived", "context":{"id":"b7680554-73ca-4583-b478-c75b0b27897f", "isDeleted:":"true", "version":"1733105365701"}}
{"logTime": "1202/094220", "correlationVector":"zq9YgYGCBtFHUnXUtr1vTE.87","action":"GetUpdates", "result":"DeleteReceived", "context":{"id":"2d5ecf8b-fa83-4db1-a570-2f740f6f8bd7", "isDeleted:":"true", "version":"1733108127418"}}
{"logTime": "1202/094220", "correlationVector":"zq9YgYGCBtFHUnXUtr1vTE.88","action":"GetUpdates", "result":"DeleteReceived", "context":{"id":"53422c83-ccfa-479b-8d67-fe63fc75a452", "isDeleted:":"true", "version":"1733108434671"}}
{"logTime": "1202/094220", "correlationVector":"zq9YgYGCBtFHUnXUtr1vTE.89","action":"GetUpdates", "result":"DeleteReceived", "context":{"id":"1b0bf635-88e6-4491-b0fc-fd8172eb0db2", "isDeleted:":"true", "version":"1733108650147"}}
{"logTime": "1202/094220", "correlationVector":"zq9YgYGCBtFHUnXUtr1vTE.90","action":"GetUpdates", "result":"DeleteReceived", "context":{"id":"a59cb7c3-314f-4eda-bfbd-7e1c247feb92", "isDeleted:":"true", "version":"1733111228171"}}
{"logTime": "1202/094220", "correlationVector":"zq9YgYGCBtFHUnXUtr1vTE.91","action":"GetUpdates", "result":"DeleteReceived", "context":{"id":"c8a84eab-1d4c-4d4b-b036-5a7e0ae02d80", "isDeleted:":"true", "version":"1733112002871"}}
{"logTime": "1202/094220", "correlationVector":"zq9YgYGCBtFHUnXUtr1vTE.92","action":"GetUpdates", "result":"DeleteReceived", "context":{"id":"d39987a0-3b17-4ba5-ab47-fa61cad8073c", "isDeleted:":"true", "version":"1733113556371"}}
{"logTime": "1202/094220", "correlationVector":"zq9YgYGCBtFHUnXUtr1vTE.93","action":"GetUpdates", "result":"DeleteReceived", "context":{"id":"e1ed4bf2-8273-450f-9ba4-0ae460918918", "isDeleted:":"true", "version":"1733118506884"}}
{"logTime": "1202/094220", "correlationVector":"zq9YgYGCBtFHUnXUtr1vTE.94","action":"GetUpdates", "result":"DeleteReceived", "context":{"id":"62991546-b229-4fba-8870-567d37ccb5be", "isDeleted:":"true", "version":"1733118506885"}}
{"logTime": "1202/094220", "correlationVector":"zq9YgYGCBtFHUnXUtr1vTE.95","action":"GetUpdates", "result":"DeleteReceived", "context":{"id":"b7e83d7c-ca86-4144-a4ee-74493aaedbf7", "isDeleted:":"true", "version":"1733119313663"}}
{"logTime": "1202/094220", "correlationVector":"zq9YgYGCBtFHUnXUtr1vTE.96","action":"GetUpdates", "result":"DeleteReceived", "context":{"id":"2823a922-a3ed-4c91-b69d-409035ad1d4a", "isDeleted:":"true", "version":"1733119461205"}}
{"logTime": "1202/094220", "correlationVector":"zq9YgYGCBtFHUnXUtr1vTE.97","action":"GetUpdates", "result":"DeleteReceived", "context":{"id":"c9f56767-bdc2-41a3-904a-4a2f37fa1cde", "isDeleted:":"true", "version":"1733119499177"}}
{"logTime": "1202/094220", "correlationVector":"zq9YgYGCBtFHUnXUtr1vTE.98","action":"GetUpdates", "result":"DeleteReceived", "context":{"id":"17eedcfa-554a-43a6-8903-e0ca3730aa01", "isDeleted:":"true", "version":"1733125714602"}}
{"logTime": "1202/094220", "correlationVector":"zq9YgYGCBtFHUnXUtr1vTE.99","action":"GetUpdates", "result":"DeleteReceived", "context":{"id":"4868281c-dc68-4773-9b13-be0a91bff90a", "isDeleted:":"true", "version":"1733125714603"}}
{"logTime": "1202/094220", "correlationVector":"zq9YgYGCBtFHUnXUtr1vTE.100","action":"GetUpdates", "result":"DeleteReceived", "context":{"id":"025bca00-0371-4832-b2d9-e0523356ca73", "isDeleted:":"true", "version":"1733125714604"}}
{"logTime": "1202/094220", "correlationVector":"zq9YgYGCBtFHUnXUtr1vTE.101","action":"GetUpdates", "result":"DeleteReceived", "context":{"id":"038fbcb6-ee46-4234-b3eb-43afb4c210c8", "isDeleted:":"true", "version":"1733126234732"}}
{"logTime": "1202/094220", "correlationVector":"zq9YgYGCBtFHUnXUtr1vTE.102","action":"GetUpdates Response", "result":"Success", "context":Received 250 update(s). cV=zq9YgYGCBtFHUnXUtr1vTE.0;server=GENERAL0100000K;cloudType=Consumer;environment=Prod_SoutheastAsia_000j;migrationStage=NotStarted Some updates remain.}
{"logTime": "1202/094220", "correlationVector":"SXPEtdZNUCr9fGmhbLjSyl","action":"Initial GetUpdates", "result":"", "context":Reason: NEWLY_SUPPORTED_DATATYPE. cV=SXPEtdZNUCr9fGmhbLjSyl}
{"logTime": "1202/094221", "correlationVector":"SXPEtdZNUCr9fGmhbLjSyl.1","action":"SyncServerConnectionManagerRequest", "result":"SYNC_SERVER_OK", "context":{"environment":"Prod_SoutheastAsia_000j", "migrationStage":"NotStarted", "server":"GENERAL0100000X"}}
{"logTime": "1202/094221", "correlationVector":"SXPEtdZNUCr9fGmhbLjSyl.2","action":"GetUpdates", "result":"DeleteReceived", "context":{"id":"76de0f5c-5214-47c9-94ba-21956939886b", "isDeleted:":"true", "version":"1733126769322"}}
{"logTime": "1202/094221", "correlationVector":"SXPEtdZNUCr9fGmhbLjSyl.3","action":"GetUpdates", "result":"DeleteReceived", "context":{"id":"6150c0f0-3787-4a41-816f-fe21f00a7ae1", "isDeleted:":"true", "version":"1733126769323"}}
{"logTime": "1202/094221", "correlationVector":"SXPEtdZNUCr9fGmhbLjSyl.4","action":"GetUpdates", "result":"DeleteReceived", "context":{"id":"7cd3d83b-a0b3-47e3-ad44-38fe30595762", "isDeleted:":"true", "version":"1733126843497"}}
{"logTime": "1202/094221", "correlationVector":"SXPEtdZNUCr9fGmhbLjSyl.5","action":"GetUpdates", "result":"DeleteReceived", "context":{"id":"9dad6bd8-db99-406e-86fa-b966b05f8e59", "isDeleted:":"true", "version":"1733127470117"}}
{"logTime": "1202/094221", "correlationVector":"SXPEtdZNUCr9fGmhbLjSyl.6","action":"GetUpdates", "result":"DeleteReceived", "context":{"id":"fd008aaa-2a60-4577-bf68-cce3ba0e2d0f", "isDeleted:":"true", "version":"1733132394259"}}
{"logTime": "1202/094221", "correlationVector":"SXPEtdZNUCr9fGmhbLjSyl.7","action":"GetUpdates Response", "result":"Success", "context":Received 87 update(s). cV=SXPEtdZNUCr9fGmhbLjSyl.0;server=GENERAL0100000X;cloudType=Consumer;environment=Prod_SoutheastAsia_000j;migrationStage=NotStarted}
{"logTime": "1202/094221", "correlationVector":"WsesXPLaHe6SJvNqPM+xQU","action":"Normal GetUpdate request", "result":"", "context":cV=WsesXPLaHe6SJvNqPM+xQU
Nudged types: Sessions, Device Info, User Consents
Refresh requested types: Bookmarks, Preferences, Passwords, Autofill Profiles, Autofill, Typed URLs, Extensions, Sessions, Extension settings, History Delete Directives, Device Info, User Consents, Send Tab To Self, Web Apps, Collection, Edge E Drop, Edge Hub App Usage, Edge Tab Group, Edge Wallet, Encryption Keys}
{"logTime": "1202/094225", "correlationVector":"WsesXPLaHe6SJvNqPM+xQU.1","action":"SyncServerConnectionManagerRequest", "result":"SYNC_SERVER_OK", "context":{"environment":"Prod_SoutheastAsia_000j", "migrationStage":"NotStarted", "server":"GENERAL01000012"}}
{"logTime": "1202/094225", "correlationVector":"WsesXPLaHe6SJvNqPM+xQU.2","action":"GetUpdates Response", "result":"Success", "context":Received 0 update(s). cV=WsesXPLaHe6SJvNqPM+xQU.0;server=GENERAL01000012;cloudType=Consumer;environment=Prod_SoutheastAsia_000j;migrationStage=NotStarted}
{"logTime": "1202/094225", "correlationVector":"J8PM9qdhqyGS9IdBlcXI5E","action":"DoCompareDataConsistency requsted types: ", "result":"Bookmarks, Preferences, Passwords, Typed URLs, Extensions, Extension settings, History Delete Directives, Send Tab To Self, Web Apps, Collection, Edge E Drop, Edge Tab Group, Edge Wallet, Encryption Keys"}
{"logTime": "1202/094225", "correlationVector":"J8PM9qdhqyGS9IdBlcXI5E.0","action":"CompareDataConsistency result: ", "result":"Compare result: Encryption Keys is consistent. local entities count is: 1 local entities hash is: z3qr0suAXcErKqiCyYlQU/oLUQA="}
{"logTime": "1202/094225", "correlationVector":"J8PM9qdhqyGS9IdBlcXI5E.1","action":"CompareDataConsistency result: ", "result":"Compare result: Bookmarks is consistent. local entities count is: 6 local entities hash is: pVYqpCIVrebDc/EvSVLDvMydUqY="}
{"logTime": "1202/094225", "correlationVector":"J8PM9qdhqyGS9IdBlcXI5E.2","action":"CompareDataConsistency result: ", "result":"Compare result: Preferences is consistent. local entities count is: 57 local entities hash is: 4uvh58zneeqvPhJvkTVyns3oQJE="}
{"logTime": "1202/094225", "correlationVector":"J8PM9qdhqyGS9IdBlcXI5E.3","action":"CompareDataConsistency result: ", "result":"Server did not send this Typed URLs local entities count is: 11 local entities hash is: co8ohtmENYi/xgoV5QTwG7pFMfg="}
{"logTime": "1202/094225", "correlationVector":"J8PM9qdhqyGS9IdBlcXI5E.4","action":"CompareDataConsistency result: ", "result":"Compare result: Extensions is consistent. local entities count is: 0 local entities hash is: "}
{"logTime": "1202/094225", "correlationVector":"J8PM9qdhqyGS9IdBlcXI5E.5","action":"CompareDataConsistency result: ", "result":"Compare result: Extension settings is consistent. local entities count is: 0 local entities hash is: "}
{"logTime": "1202/094225", "correlationVector":"J8PM9qdhqyGS9IdBlcXI5E.6","action":"CompareDataConsistency result: ", "result":"Compare result: History Delete Directives is inconsistent. server entities count is: 1113 server entities hash is: Mk54oEn2iBCk3VKD/J37SAOKPAU= local entities count is: 0 local entities hash is: "}
{"logTime": "1202/094225", "correlationVector":"J8PM9qdhqyGS9IdBlcXI5E.7","action":"CompareDataConsistency result: ", "result":"Server did not send this Send Tab To Self local entities count is: 0 local entities hash is: "}
{"logTime": "1202/094225", "correlationVector":"J8PM9qdhqyGS9IdBlcXI5E.8","action":"CompareDataConsistency result: ", "result":"Compare result: Web Apps is consistent. local entities count is: 0 local entities hash is: "}
{"logTime": "1202/094225", "correlationVector":"J8PM9qdhqyGS9IdBlcXI5E.9","action":"CompareDataConsistency result: ", "result":"Compare result: Collection is consistent. local entities count is: 0 local entities hash is: "}
{"logTime": "1202/094225", "correlationVector":"J8PM9qdhqyGS9IdBlcXI5E.10","action":"CompareDataConsistency result: ", "result":"Compare result: Edge E Drop is consistent. local entities count is: 0 local entities hash is: "}
{"logTime": "1202/094225", "correlationVector":"J8PM9qdhqyGS9IdBlcXI5E.11","action":"CompareDataConsistency result: ", "result":"Compare result: Edge Tab Group is consistent. local entities count is: 2 local entities hash is: 9sNhY8S5kI006/50TD9roJIgG2A="}
{"logTime": "1202/094225", "correlationVector":"J8PM9qdhqyGS9IdBlcXI5E.12","action":"CompareDataConsistency result: ", "result":"Compare result: Edge Wallet is consistent. local entities count is: 0 local entities hash is: "}
{"logTime": "1202/094225", "correlationVector":"J8PM9qdhqyGS9IdBlcXI5E.13","action":"CompareDataConsistency result: ", "result":"Compare result: Passwords is consistent. local entities count is: 28 local entities hash is: xUlTSez2clyM3zGIs0UUIQzN9Bc="}
{"logTime": "1202/094225", "correlationVector":"yUpoJwS/6/czv/yG6anQvq","action":"Commit Request", "result":"", "context":Item count: 5
Contributing types: Sessions, Device Info, User Consents}
{"logTime": "1202/094227", "correlationVector":"yUpoJwS/6/czv/yG6anQvq.1","action":"SyncServerConnectionManagerRequest", "result":"SYNC_SERVER_OK", "context":{"environment":"Prod_SoutheastAsia_000j", "migrationStage":"NotStarted", "server":"GENERAL01000003"}}
{"logTime": "1202/094227", "correlationVector":"yUpoJwS/6/czv/yG6anQvq.2","action":"Commit Response", "result":"Success", "context":Result: Success. cV=yUpoJwS/6/czv/yG6anQvq.0;server=GENERAL01000003;cloudType=Consumer;environment=Prod_SoutheastAsia_000j;migrationStage=NotStarted}
{"logTime": "1202/094227", "correlationVector":"","action":"DIAGNOSTIC_REQUEST|v1/diagnosticData/Diagnostic.SendCheckResult()|SUCCESS", "result":""}
{"logTime": "1202/094256", "correlationVector":"f1RZ/lobE7YL+8KOj1gLlK","action":"Commit Request", "result":"", "context":Item count: 1
Contributing types: Edge Hub App Usage}
{"logTime": "1202/094305", "correlationVector":"f1RZ/lobE7YL+8KOj1gLlK.1","action":"SyncServerConnectionManagerRequest", "result":"SYNC_SERVER_OK", "context":{"environment":"Prod_SoutheastAsia_000j", "migrationStage":"NotStarted", "server":"GENERAL0300000W"}}
{"logTime": "1202/094305", "correlationVector":"f1RZ/lobE7YL+8KOj1gLlK.2","action":"Commit Response", "result":"Success", "context":Result: Success. cV=f1RZ/lobE7YL+8KOj1gLlK.0;server=GENERAL0300000W;cloudType=Consumer;environment=Prod_SoutheastAsia_000j;migrationStage=NotStarted}
{"logTime": "1202/094342", "correlationVector":"HXzdfSrAhbwa8aI5uzFAbp","action":"Commit Request", "result":"", "context":Item count: 1
Contributing types: Sessions}
{"logTime": "1202/094342", "correlationVector":"HXzdfSrAhbwa8aI5uzFAbp.1","action":"SyncServerConnectionManagerRequest", "result":"SYNC_SERVER_OK", "context":{"environment":"Prod_SoutheastAsia_000j", "migrationStage":"NotStarted", "server":"GENERAL0100000X"}}
{"logTime": "1202/094342", "correlationVector":"HXzdfSrAhbwa8aI5uzFAbp.2","action":"Commit Response", "result":"Success", "context":Result: Success. cV=HXzdfSrAhbwa8aI5uzFAbp.0;server=GENERAL0100000X;cloudType=Consumer;environment=Prod_SoutheastAsia_000j;migrationStage=NotStarted}
{"logTime": "1202/094342", "correlationVector":"lUxvNS5j/03KPl7VEthnOg","action":"Commit Request", "result":"", "context":Item count: 15
Contributing types: Preferences, Passwords}
{"logTime": "1202/094344", "correlationVector":"lUxvNS5j/03KPl7VEthnOg.1","action":"SyncServerConnectionManagerRequest", "result":"SYNC_SERVER_OK", "context":{"environment":"Prod_SoutheastAsia_000j", "migrationStage":"NotStarted", "server":"GENERAL0300001L"}}
{"logTime": "1202/094344", "correlationVector":"lUxvNS5j/03KPl7VEthnOg.2","action":"Commit Response", "result":"Success", "context":Result: Success. cV=lUxvNS5j/03KPl7VEthnOg.0;server=GENERAL0300001L;cloudType=Consumer;environment=Prod_SoutheastAsia_000j;migrationStage=NotStarted}
{"logTime": "1202/094620", "correlationVector":"BPmYGIky00oe6ge3qjUE32","action":"Normal GetUpdate request", "result":"", "context":cV=BPmYGIky00oe6ge3qjUE32
Refresh requested types: Bookmarks, Preferences, Passwords, Autofill Profiles, Autofill, Typed URLs, Extensions, Sessions, Extension settings, History Delete Directives, Device Info, User Consents, Send Tab To Self, Web Apps, Collection, Edge E Drop, Edge Hub App Usage, Edge Tab Group, Edge Wallet, Encryption Keys}
{"logTime": "1202/094621", "correlationVector":"BPmYGIky00oe6ge3qjUE32.1","action":"SyncServerConnectionManagerRequest", "result":"SYNC_SERVER_OK", "context":{"environment":"Prod_SoutheastAsia_000j", "migrationStage":"NotStarted", "server":"GENERAL0100000O"}}
{"logTime": "1202/094621", "correlationVector":"BPmYGIky00oe6ge3qjUE32.2","action":"GetUpdates Response", "result":"Success", "context":Received 19 update(s). cV=BPmYGIky00oe6ge3qjUE32.0;server=GENERAL0100000O;cloudType=Consumer;environment=Prod_SoutheastAsia_000j;migrationStage=NotStarted}
{"logTime": "1202/095614", "correlationVector":"nn/q7F4aNS019RhJIDA6Lg","action":"Commit Request", "result":"", "context":Item count: 1
Contributing types: Sessions}
{"logTime": "1202/095614", "correlationVector":"nn/q7F4aNS019RhJIDA6Lg.1","action":"SyncServerConnectionManagerRequest", "result":"SYNC_SERVER_OK", "context":{"environment":"Prod_SoutheastAsia_000j", "migrationStage":"NotStarted", "server":"GENERAL0100000Q"}}
{"logTime": "1202/095614", "correlationVector":"nn/q7F4aNS019RhJIDA6Lg.2","action":"Commit Response", "result":"Success", "context":Result: Success. cV=nn/q7F4aNS019RhJIDA6Lg.0;server=GENERAL0100000Q;cloudType=Consumer;environment=Prod_SoutheastAsia_000j;migrationStage=NotStarted}
{"logTime": "1203/025951", "correlationVector":"74V0uwEOQaTSt4DzYTDh0B.1","action":"SyncServerConnectionManagerRequest", "result":"SYNC_SERVER_OK", "context":{"environment":"Prod_SoutheastAsia_000j", "migrationStage":"NotStarted", "server":"GENERAL03000028"}}
{"logTime": "1203/025952", "correlationVector":"iUzyiqb/eWgxgOJE3Zi48O","action":"SyncServerConnectionManagerRequest", "result":"SYNC_SERVER_OK", "context":{"environment":"", "migrationStage":"", "server":""}}
{"logTime": "1203/025952", "correlationVector":"74V0uwEOQaTSt4DzYTDh0B","action":"Initial GetUpdates", "result":"", "context":Reason: NEW_CLIENT. cV=74V0uwEOQaTSt4DzYTDh0B}
{"logTime": "1203/025952", "correlationVector":"74V0uwEOQaTSt4DzYTDh0B.2","action":"GetUpdates Response", "result":"Success", "context":Received 1 update(s). cV=74V0uwEOQaTSt4DzYTDh0B.0;server=GENERAL03000028;cloudType=Consumer;environment=Prod_SoutheastAsia_000j;migrationStage=NotStarted}
{"logTime": "1203/025952", "correlationVector":"eRVmGFB8g9oTFDjh8L/34Q","action":"Initial GetUpdates", "result":"", "context":Reason: NEWLY_SUPPORTED_DATATYPE. cV=eRVmGFB8g9oTFDjh8L/34Q}
{"logTime": "1203/025954", "correlationVector":"eRVmGFB8g9oTFDjh8L/34Q.1","action":"SyncServerConnectionManagerRequest", "result":"SYNC_SERVER_OK", "context":{"environment":"Prod_SoutheastAsia_000j", "migrationStage":"NotStarted", "server":"GENERAL01000011"}}
{"logTime": "1203/025954", "correlationVector":"eRVmGFB8g9oTFDjh8L/34Q.2","action":"GetUpdates", "result":"DeleteReceived", "context":{"id":"e1ecc2ec-20b6-487f-8c2d-c3d3a4178e06", "isDeleted:":"true", "version":"1710228370958"}}
{"logTime": "1203/025954", "correlationVector":"eRVmGFB8g9oTFDjh8L/34Q.3","action":"GetUpdates", "result":"DeleteReceived", "context":{"id":"5ba602c1-8871-4c34-b310-28ce51307980", "isDeleted:":"true", "version":"1714621292885"}}
{"logTime": "1203/025954", "correlationVector":"eRVmGFB8g9oTFDjh8L/34Q.4","action":"GetUpdates", "result":"DeleteReceived", "context":{"id":"d4d41812-c5f5-42cd-8dab-24ca44c2b7b2", "isDeleted:":"true", "version":"1727595097017"}}
{"logTime": "1203/025954", "correlationVector":"eRVmGFB8g9oTFDjh8L/34Q.5","action":"GetUpdates", "result":"DeleteReceived", "context":{"id":"6c1a0810-c0f5-40ec-8dcc-be78446e3128", "isDeleted:":"true", "version":"1730961006124"}}
{"logTime": "1203/025954", "correlationVector":"eRVmGFB8g9oTFDjh8L/34Q.6","action":"GetUpdates Response", "result":"Success", "context":Received 32 update(s). cV=eRVmGFB8g9oTFDjh8L/34Q.0;server=GENERAL01000011;cloudType=Consumer;environment=Prod_SoutheastAsia_000j;migrationStage=NotStarted}
{"logTime": "1203/025954", "correlationVector":"pjfzMr0eRBrK6A47/gBU1B","action":"Normal GetUpdate request", "result":"", "context":cV=pjfzMr0eRBrK6A47/gBU1B
Nudged types: Sessions, Device Info
Refresh requested types: Bookmarks, Preferences, Passwords, Autofill Profiles, Autofill, Typed URLs, Extensions, Sessions, Extension settings, History Delete Directives, Device Info, User Consents, Send Tab To Self, Web Apps, Collection, Edge E Drop, Edge Hub App Usage, Edge Tab Group, Edge Wallet, Encryption Keys}
{"logTime": "1203/025955", "correlationVector":"pjfzMr0eRBrK6A47/gBU1B.1","action":"SyncServerConnectionManagerRequest", "result":"SYNC_SERVER_OK", "context":{"environment":"Prod_SoutheastAsia_000j", "migrationStage":"NotStarted", "server":"GENERAL0100001F"}}
{"logTime": "1203/025955", "correlationVector":"pjfzMr0eRBrK6A47/gBU1B.2","action":"GetUpdates", "result":"DeleteReceived", "context":{"id":"612417a3-7569-4660-aa9f-1b06e015043b", "isDeleted:":"true", "version":"1733143895591"}}
{"logTime": "1203/025955", "correlationVector":"pjfzMr0eRBrK6A47/gBU1B.3","action":"GetUpdates", "result":"DeleteReceived", "context":{"id":"d81906a9-53ea-4271-abab-1b40e80b57ec", "isDeleted:":"true", "version":"1733143907763"}}
{"logTime": "1203/025955", "correlationVector":"pjfzMr0eRBrK6A47/gBU1B.4","action":"GetUpdates", "result":"DeleteReceived", "context":{"id":"d63e49bc-ac96-42fe-b794-e701356dfa96", "isDeleted:":"true", "version":"1733143907764"}}
{"logTime": "1203/025955", "correlationVector":"pjfzMr0eRBrK6A47/gBU1B.5","action":"GetUpdates", "result":"DeleteReceived", "context":{"id":"97cb33f6-f50a-40ef-bb99-c07f47103134", "isDeleted:":"true", "version":"1733143912444"}}
{"logTime": "1203/025955", "correlationVector":"pjfzMr0eRBrK6A47/gBU1B.6","action":"GetUpdates", "result":"DeleteReceived", "context":{"id":"500ce670-c6df-4fdb-ac07-b1a69edd4b8e", "isDeleted:":"true", "version":"1733143912445"}}
{"logTime": "1203/025955", "correlationVector":"pjfzMr0eRBrK6A47/gBU1B.7","action":"GetUpdates", "result":"DeleteReceived", "context":{"id":"85517aef-05c0-4b95-ba12-918a3eaa8377", "isDeleted:":"true", "version":"1733143912446"}}
{"logTime": "1203/025955", "correlationVector":"pjfzMr0eRBrK6A47/gBU1B.8","action":"GetUpdates", "result":"DeleteReceived", "context":{"id":"7e203211-6e52-41a8-97c5-e8488d5ce7c3", "isDeleted:":"true", "version":"1733143912447"}}
{"logTime": "1203/025955", "correlationVector":"pjfzMr0eRBrK6A47/gBU1B.9","action":"GetUpdates", "result":"DeleteReceived", "context":{"id":"9baa234a-79bd-4186-8f07-9f16f78e0c89", "isDeleted:":"true", "version":"1733138651025"}}
{"logTime": "1203/025955", "correlationVector":"pjfzMr0eRBrK6A47/gBU1B.10","action":"GetUpdates", "result":"DeleteReceived", "context":{"id":"31c4a946-20d3-4b74-8256-dd78c50243f3", "isDeleted:":"true", "version":"1733139390616"}}
{"logTime": "1203/025955", "correlationVector":"pjfzMr0eRBrK6A47/gBU1B.11","action":"GetUpdates", "result":"DeleteReceived", "context":{"id":"9355ee35-c94e-49ec-a0a4-bc7bc2428d55", "isDeleted:":"true", "version":"1733139390617"}}
{"logTime": "1203/025955", "correlationVector":"pjfzMr0eRBrK6A47/gBU1B.12","action":"GetUpdates", "result":"DeleteReceived", "context":{"id":"f508a50c-fef0-433d-b097-330ec7041643", "isDeleted:":"true", "version":"1733139452175"}}
{"logTime": "1203/025955", "correlationVector":"pjfzMr0eRBrK6A47/gBU1B.13","action":"GetUpdates", "result":"DeleteReceived", "context":{"id":"423e03b6-abd1-446d-a50e-9bcc34d8c60d", "isDeleted:":"true", "version":"1733139555992"}}
{"logTime": "1203/025955", "correlationVector":"pjfzMr0eRBrK6A47/gBU1B.14","action":"GetUpdates", "result":"DeleteReceived", "context":{"id":"32ed2391-8434-41ed-b6f7-603bc6326c6e", "isDeleted:":"true", "version":"1733139555993"}}
{"logTime": "1203/025955", "correlationVector":"pjfzMr0eRBrK6A47/gBU1B.15","action":"GetUpdates", "result":"DeleteReceived", "context":{"id":"ebad95d2-f721-4f59-9211-df1e69390473", "isDeleted:":"true", "version":"1733139555994"}}
{"logTime": "1203/025955", "correlationVector":"pjfzMr0eRBrK6A47/gBU1B.16","action":"GetUpdates", "result":"DeleteReceived", "context":{"id":"f9e6adae-f5e8-4181-9a61-0338a46454b5", "isDeleted:":"true", "version":"1733139723571"}}
{"logTime": "1203/025955", "correlationVector":"pjfzMr0eRBrK6A47/gBU1B.17","action":"GetUpdates", "result":"DeleteReceived", "context":{"id":"e67d5414-1350-42dc-a5a7-4cdd0de5dae6", "isDeleted:":"true", "version":"1733139784784"}}
{"logTime": "1203/025955", "correlationVector":"pjfzMr0eRBrK6A47/gBU1B.18","action":"GetUpdates", "result":"DeleteReceived", "context":{"id":"30e90034-ccde-4765-b2b6-c294a9bf3b43", "isDeleted:":"true", "version":"1733140424793"}}
{"logTime": "1203/025955", "correlationVector":"pjfzMr0eRBrK6A47/gBU1B.19","action":"GetUpdates", "result":"DeleteReceived", "context":{"id":"79fc0668-f606-44b3-91b2-9bb089dcc0af", "isDeleted:":"true", "version":"1733141081367"}}
{"logTime": "1203/025955", "correlationVector":"pjfzMr0eRBrK6A47/gBU1B.20","action":"GetUpdates", "result":"DeleteReceived", "context":{"id":"b8335734-f54c-4aa3-960d-6408cc788e56", "isDeleted:":"true", "version":"1733141081369"}}
{"logTime": "1203/025955", "correlationVector":"pjfzMr0eRBrK6A47/gBU1B.21","action":"GetUpdates", "result":"DeleteReceived", "context":{"id":"e99d17e7-1728-4fb4-9041-01055b9744b6", "isDeleted:":"true", "version":"1733143996788"}}
{"logTime": "1203/025955", "correlationVector":"pjfzMr0eRBrK6A47/gBU1B.22","action":"GetUpdates", "result":"DeleteReceived", "context":{"id":"a3d57419-6751-439b-b8e3-1dfa0e9decfe", "isDeleted:":"true", "version":"1733143996789"}}
{"logTime": "1203/025955", "correlationVector":"pjfzMr0eRBrK6A47/gBU1B.23","action":"GetUpdates", "result":"DeleteReceived", "context":{"id":"f6b8a067-1999-41a4-be6a-9ed600e87299", "isDeleted:":"true", "version":"1733149616576"}}
{"logTime": "1203/025955", "correlationVector":"pjfzMr0eRBrK6A47/gBU1B.24","action":"GetUpdates", "result":"DeleteReceived", "context":{"id":"4550e7f4-614f-4ae1-9285-c785417ed487", "isDeleted:":"true", "version":"1733184536772"}}
{"logTime": "1203/025955", "correlationVector":"pjfzMr0eRBrK6A47/gBU1B.25","action":"GetUpdates", "result":"DeleteReceived", "context":{"id":"23f4ae77-54bd-4214-9c14-1f2db4126086", "isDeleted:":"true", "version":"1733184536773"}}
{"logTime": "1203/025955", "correlationVector":"pjfzMr0eRBrK6A47/gBU1B.26","action":"GetUpdates", "result":"DeleteReceived", "context":{"id":"fb20803a-ac33-4988-876e-cff3c18a2f38", "isDeleted:":"true", "version":"1733185816198"}}
{"logTime": "1203/025955", "correlationVector":"pjfzMr0eRBrK6A47/gBU1B.27","action":"GetUpdates", "result":"DeleteReceived", "context":{"id":"6f98ddd3-0986-44e1-8226-405a2881ad5c", "isDeleted:":"true", "version":"1733187209090"}}
{"logTime": "1203/025955", "correlationVector":"pjfzMr0eRBrK6A47/gBU1B.28","action":"GetUpdates", "result":"DeleteReceived", "context":{"id":"997e26ee-9a3b-4ee6-be54-3c0634006c56", "isDeleted:":"true", "version":"1733192311125"}}
{"logTime": "1203/025955", "correlationVector":"pjfzMr0eRBrK6A47/gBU1B.29","action":"GetUpdates", "result":"DeleteReceived", "context":{"id":"eae34147-165c-4161-bc0b-80e60545b656", "isDeleted:":"true", "version":"1733192443324"}}
{"logTime": "1203/025955", "correlationVector":"pjfzMr0eRBrK6A47/gBU1B.30","action":"GetUpdates", "result":"DeleteReceived", "context":{"id":"48fd2fe8-cac6-4e68-b0cb-3a6dde7a72c0", "isDeleted:":"true", "version":"1733192499581"}}
{"logTime": "1203/025955", "correlationVector":"pjfzMr0eRBrK6A47/gBU1B.31","action":"GetUpdates", "result":"DeleteReceived", "context":{"id":"af21efd4-c634-41c2-935d-e3e826ae8620", "isDeleted:":"true", "version":"1733192499582"}}
{"logTime": "1203/025955", "correlationVector":"pjfzMr0eRBrK6A47/gBU1B.32","action":"GetUpdates", "result":"DeleteReceived", "context":{"id":"2fa28e2a-c612-465a-83b9-42bc0c176304", "isDeleted:":"true", "version":"1733192898788"}}
{"logTime": "1203/025955", "correlationVector":"pjfzMr0eRBrK6A47/gBU1B.33","action":"GetUpdates Response", "result":"Success", "context":Received 130 update(s). cV=pjfzMr0eRBrK6A47/gBU1B.0;server=GENERAL0100001F;cloudType=Consumer;environment=Prod_SoutheastAsia_000j;migrationStage=NotStarted}
{"logTime": "1203/025956", "correlationVector":"0aDDIzxmR+Y4AFuBr8BGOR","action":"Commit Request", "result":"", "context":Item count: 4
Contributing types: Sessions, Device Info}
{"logTime": "1203/025957", "correlationVector":"0aDDIzxmR+Y4AFuBr8BGOR.1","action":"SyncServerConnectionManagerRequest", "result":"SYNC_SERVER_OK", "context":{"environment":"Prod_SoutheastAsia_000j", "migrationStage":"NotStarted", "server":"GENERAL0300000E"}}
{"logTime": "1203/025957", "correlationVector":"0aDDIzxmR+Y4AFuBr8BGOR.2","action":"Commit Response", "result":"Success", "context":Result: Success. cV=0aDDIzxmR+Y4AFuBr8BGOR.0;server=GENERAL0300000E;cloudType=Consumer;environment=Prod_SoutheastAsia_000j;migrationStage=NotStarted}
{"logTime": "1203/025957", "correlationVector":"0aDDIzxmR+Y4AFuBr8BGOR.3","action":"Commit.Sessions", "result":"Success", "context":{"id":"b5e685cc-0977-480c-b12f-82676336c083", "isDeleted":"true", "size":"0", "version":"1733133379865"}}
{"logTime": "1203/025957", "correlationVector":"stPwj308AApQ6odRGVfU3y","action":"Poll GetUpdate request", "result":"", "context":cV=stPwj308AApQ6odRGVfU3y}
{"logTime": "1203/025957", "correlationVector":"stPwj308AApQ6odRGVfU3y.1","action":"SyncServerConnectionManagerRequest", "result":"SYNC_SERVER_OK", "context":{"environment":"Prod_SoutheastAsia_000j", "migrationStage":"NotStarted", "server":"GENERAL03000027"}}
{"logTime": "1203/025957", "correlationVector":"stPwj308AApQ6odRGVfU3y.2","action":"GetUpdates", "result":"DeleteReceived", "context":{"id":"b5e685cc-0977-480c-b12f-82676336c083", "isDeleted:":"true", "version":"1733194796957"}}
{"logTime": "1203/025957", "correlationVector":"stPwj308AApQ6odRGVfU3y.3","action":"GetUpdates Response", "result":"Success", "context":Received 4 update(s). cV=stPwj308AApQ6odRGVfU3y.0;server=GENERAL03000027;cloudType=Consumer;environment=Prod_SoutheastAsia_000j;migrationStage=NotStarted}
{"logTime": "1203/030155", "correlationVector":"OMSWtOvp4Wxgo4hxke25+H","action":"Commit Request", "result":"", "context":Item count: 1
Contributing types: Sessions}
{"logTime": "1203/030156", "correlationVector":"OMSWtOvp4Wxgo4hxke25+H.1","action":"SyncServerConnectionManagerRequest", "result":"SYNC_SERVER_OK", "context":{"environment":"Prod_SoutheastAsia_000j", "migrationStage":"NotStarted", "server":"GENERAL0300001V"}}
{"logTime": "1203/030156", "correlationVector":"OMSWtOvp4Wxgo4hxke25+H.2","action":"Commit Response", "result":"Success", "context":Result: Success. cV=OMSWtOvp4Wxgo4hxke25+H.0;server=GENERAL0300001V;cloudType=Consumer;environment=Prod_SoutheastAsia_000j;migrationStage=NotStarted}
{"logTime": "1203/030242", "correlationVector":"tpPV+YhQKmavP0BwrTmqHk","action":"Commit Request", "result":"", "context":Item count: 1
Contributing types: Sessions}
{"logTime": "1203/030242", "correlationVector":"tpPV+YhQKmavP0BwrTmqHk.1","action":"SyncServerConnectionManagerRequest", "result":"SYNC_SERVER_OK", "context":{"environment":"Prod_SoutheastAsia_000j", "migrationStage":"NotStarted", "server":"GENERAL0100000P"}}
{"logTime": "1203/030242", "correlationVector":"tpPV+YhQKmavP0BwrTmqHk.2","action":"Commit Response", "result":"Success", "context":Result: Success. cV=tpPV+YhQKmavP0BwrTmqHk.0;server=GENERAL0100000P;cloudType=Consumer;environment=Prod_SoutheastAsia_000j;migrationStage=NotStarted}
{"logTime": "1203/030339", "correlationVector":"4CRAmwBUc++8Ks8V57sRzn","action":"Commit Request", "result":"", "context":Item count: 1
Contributing types: Preferences}
{"logTime": "1203/030340", "correlationVector":"4CRAmwBUc++8Ks8V57sRzn.1","action":"SyncServerConnectionManagerRequest", "result":"SYNC_SERVER_OK", "context":{"environment":"Prod_SoutheastAsia_000j", "migrationStage":"NotStarted", "server":"GENERAL0300000I"}}
{"logTime": "1203/030340", "correlationVector":"4CRAmwBUc++8Ks8V57sRzn.2","action":"Commit Response", "result":"Success", "context":Result: Success. cV=4CRAmwBUc++8Ks8V57sRzn.0;server=GENERAL0300000I;cloudType=Consumer;environment=Prod_SoutheastAsia_000j;migrationStage=NotStarted}
{"logTime": "1203/030411", "correlationVector":"l75CGKWHR0OF9OPw27Q5z8","action":"Normal GetUpdate request", "result":"", "context":cV=l75CGKWHR0OF9OPw27Q5z8
Refresh requested types: Bookmarks, Preferences, Passwords, Autofill Profiles, Autofill, Typed URLs, Extensions, Sessions, Extension settings, History Delete Directives, Device Info, User Consents, Send Tab To Self, Web Apps, Collection, Edge E Drop, Edge Hub App Usage, Edge Tab Group, Edge Wallet, Encryption Keys}
{"logTime": "1203/030412", "correlationVector":"l75CGKWHR0OF9OPw27Q5z8.1","action":"SyncServerConnectionManagerRequest", "result":"SYNC_SERVER_OK", "context":{"environment":"Prod_SoutheastAsia_000j", "migrationStage":"NotStarted", "server":"GENERAL0300000T"}}
{"logTime": "1203/030412", "correlationVector":"l75CGKWHR0OF9OPw27Q5z8.2","action":"GetUpdates Response", "result":"Success", "context":Received 4 update(s). cV=l75CGKWHR0OF9OPw27Q5z8.0;server=GENERAL0300000T;cloudType=Consumer;environment=Prod_SoutheastAsia_000j;migrationStage=NotStarted}
{"logTime": "1203/030935", "correlationVector":"1hU6aStC9jh+UNiXZpMueo","action":"Normal GetUpdate request", "result":"", "context":cV=1hU6aStC9jh+UNiXZpMueo
Notified types: Preferences}
{"logTime": "1203/030936", "correlationVector":"1hU6aStC9jh+UNiXZpMueo.1","action":"SyncServerConnectionManagerRequest", "result":"SYNC_SERVER_OK", "context":{"environment":"Prod_SoutheastAsia_000j", "migrationStage":"NotStarted", "server":"GENERAL01000012"}}
{"logTime": "1203/030936", "correlationVector":"1hU6aStC9jh+UNiXZpMueo.2","action":"GetUpdates Response", "result":"Success", "context":Received 3 update(s). cV=1hU6aStC9jh+UNiXZpMueo.0;server=GENERAL01000012;cloudType=Consumer;environment=Prod_SoutheastAsia_000j;migrationStage=NotStarted}
{"logTime": "1203/031033", "correlationVector":"mD9gSbZK6pDmP6xEfeTm/H","action":"Commit Request", "result":"", "context":Item count: 1
Contributing types: Sessions}
{"logTime": "1203/031046", "correlationVector":"mD9gSbZK6pDmP6xEfeTm/H.1","action":"SyncServerConnectionManagerRequest", "result":"SYNC_SERVER_OK", "context":{"environment":"Prod_SoutheastAsia_000j", "migrationStage":"NotStarted", "server":"GENERAL0100001A"}}
{"logTime": "1203/031046", "correlationVector":"mD9gSbZK6pDmP6xEfeTm/H.2","action":"Commit Response", "result":"Success", "context":Result: Success. cV=mD9gSbZK6pDmP6xEfeTm/H.0;server=GENERAL0100001A;cloudType=Consumer;environment=Prod_SoutheastAsia_000j;migrationStage=NotStarted}
{"logTime": "1203/033454", "correlationVector":"c6c1aQKeR1hr4qcYX/2Vjs","action":"Commit Request", "result":"", "context":Item count: 1
Contributing types: Sessions}
{"logTime": "1203/033455", "correlationVector":"c6c1aQKeR1hr4qcYX/2Vjs.1","action":"SyncServerConnectionManagerRequest", "result":"SYNC_SERVER_OK", "context":{"environment":"Prod_SoutheastAsia_000j", "migrationStage":"NotStarted", "server":"GENERAL0100001H"}}
{"logTime": "1203/033455", "correlationVector":"c6c1aQKeR1hr4qcYX/2Vjs.2","action":"Commit Response", "result":"Success", "context":Result: Success. cV=c6c1aQKeR1hr4qcYX/2Vjs.0;server=GENERAL0100001H;cloudType=Consumer;environment=Prod_SoutheastAsia_000j;migrationStage=NotStarted}
{"logTime": "1203/034619", "correlationVector":"OkB4PgNWk5ZE+reCsI2pXI","action":"Commit Request", "result":"", "context":Item count: 1
Contributing types: Sessions}
{"logTime": "1203/034619", "correlationVector":"OkB4PgNWk5ZE+reCsI2pXI.1","action":"SyncServerConnectionManagerRequest", "result":"SYNC_SERVER_OK", "context":{"environment":"Prod_SoutheastAsia_000j", "migrationStage":"NotStarted", "server":"GENERAL03000000"}}
{"logTime": "1203/034619", "correlationVector":"OkB4PgNWk5ZE+reCsI2pXI.2","action":"Commit Response", "result":"Success", "context":Result: Success. cV=OkB4PgNWk5ZE+reCsI2pXI.0;server=GENERAL03000000;cloudType=Consumer;environment=Prod_SoutheastAsia_000j;migrationStage=NotStarted}
{"logTime": "1203/040550", "correlationVector":"7XXj5rJHQVAY5MllNPqW6O","action":"Commit Request", "result":"", "context":Item count: 1
Contributing types: Sessions}
{"logTime": "1203/040551", "correlationVector":"7XXj5rJHQVAY5MllNPqW6O.1","action":"SyncServerConnectionManagerRequest", "result":"SYNC_SERVER_OK", "context":{"environment":"Prod_SoutheastAsia_000j", "migrationStage":"NotStarted", "server":"GENERAL0100001C"}}
{"logTime": "1203/040551", "correlationVector":"7XXj5rJHQVAY5MllNPqW6O.2","action":"Commit Response", "result":"Success", "context":Result: Success. cV=7XXj5rJHQVAY5MllNPqW6O.0;server=GENERAL0100001C;cloudType=Consumer;environment=Prod_SoutheastAsia_000j;migrationStage=NotStarted}
{"logTime": "1203/041153", "correlationVector":"pkjKPMIXiV36M9MfT67fw1","action":"Normal GetUpdate request", "result":"", "context":cV=pkjKPMIXiV36M9MfT67fw1
Notified types: Preferences}
{"logTime": "1203/041154", "correlationVector":"pkjKPMIXiV36M9MfT67fw1.1","action":"SyncServerConnectionManagerRequest", "result":"SYNC_SERVER_OK", "context":{"environment":"Prod_SoutheastAsia_000j", "migrationStage":"NotStarted", "server":"GENERAL0300000H"}}
{"logTime": "1203/041154", "correlationVector":"pkjKPMIXiV36M9MfT67fw1.2","action":"GetUpdates", "result":"DeleteReceived", "context":{"id":"9c70b4e8-e35c-4ba4-983e-6d16900bdc57", "isDeleted:":"true", "version":"1733195577756"}}
{"logTime": "1203/041154", "correlationVector":"pkjKPMIXiV36M9MfT67fw1.3","action":"GetUpdates", "result":"DeleteReceived", "context":{"id":"3dcccb43-5775-4cce-a558-ff0c1730b878", "isDeleted:":"true", "version":"1733198415274"}}
{"logTime": "1203/041154", "correlationVector":"pkjKPMIXiV36M9MfT67fw1.4","action":"GetUpdates", "result":"DeleteReceived", "context":{"id":"be89217e-f6c5-47d9-b053-2af471d33863", "isDeleted:":"true", "version":"1733198811925"}}
{"logTime": "1203/041154", "correlationVector":"pkjKPMIXiV36M9MfT67fw1.5","action":"GetUpdates Response", "result":"Success", "context":Received 7 update(s). cV=pkjKPMIXiV36M9MfT67fw1.0;server=GENERAL0300000H;cloudType=Consumer;environment=Prod_SoutheastAsia_000j;migrationStage=NotStarted}
{"logTime": "1203/041627", "correlationVector":"Elp7X6mmMnUx9zgGeZdKD7","action":"Commit Request", "result":"", "context":Item count: 1
Contributing types: Sessions}
{"logTime": "1203/041627", "correlationVector":"Elp7X6mmMnUx9zgGeZdKD7.1","action":"SyncServerConnectionManagerRequest", "result":"SYNC_SERVER_OK", "context":{"environment":"Prod_SoutheastAsia_000j", "migrationStage":"NotStarted", "server":"GENERAL0300000Z"}}
{"logTime": "1203/041627", "correlationVector":"Elp7X6mmMnUx9zgGeZdKD7.2","action":"Commit Response", "result":"Success", "context":Result: Success. cV=Elp7X6mmMnUx9zgGeZdKD7.0;server=GENERAL0300000Z;cloudType=Consumer;environment=Prod_SoutheastAsia_000j;migrationStage=NotStarted}
{"logTime": "1203/041829", "correlationVector":"traHBO2IFuqUBE0u488PFy","action":"Normal GetUpdate request", "result":"", "context":cV=traHBO2IFuqUBE0u488PFy
Nudged types: Device Info
Notified types: Device Info
Refresh requested types: Bookmarks, Preferences, Passwords, Autofill Profiles, Autofill, Typed URLs, Extensions, Sessions, Extension settings, History Delete Directives, Device Info, User Consents, Send Tab To Self, Web Apps, Collection, Edge E Drop, Edge Hub App Usage, Edge Tab Group, Edge Wallet, Encryption Keys}
{"logTime": "1203/041830", "correlationVector":"traHBO2IFuqUBE0u488PFy.1","action":"SyncServerConnectionManagerRequest", "result":"SYNC_SERVER_OK", "context":{"environment":"Prod_SoutheastAsia_000j", "migrationStage":"NotStarted", "server":"GENERAL0300002R"}}
{"logTime": "1203/041830", "correlationVector":"traHBO2IFuqUBE0u488PFy.2","action":"GetUpdates Response", "result":"Success", "context":Received 5 update(s). cV=traHBO2IFuqUBE0u488PFy.0;server=GENERAL0300002R;cloudType=Consumer;environment=Prod_SoutheastAsia_000j;migrationStage=NotStarted}
{"logTime": "1203/041830", "correlationVector":"vUdWBW5pmNvjxdv+LvHVge","action":"Commit Request", "result":"", "context":Item count: 1
Contributing types: Device Info}
{"logTime": "1203/041831", "correlationVector":"vUdWBW5pmNvjxdv+LvHVge.1","action":"SyncServerConnectionManagerRequest", "result":"SYNC_SERVER_OK", "context":{"environment":"Prod_SoutheastAsia_000j", "migrationStage":"NotStarted", "server":"GENERAL0100001J"}}
{"logTime": "1203/041831", "correlationVector":"vUdWBW5pmNvjxdv+LvHVge.2","action":"Commit Response", "result":"Success", "context":Result: Success. cV=vUdWBW5pmNvjxdv+LvHVge.0;server=GENERAL0100001J;cloudType=Consumer;environment=Prod_SoutheastAsia_000j;migrationStage=NotStarted}
{"logTime": "1203/042700", "correlationVector":"Cv16HIvEw5sfBgty7Mqpa0","action":"Commit Request", "result":"", "context":Item count: 1
Contributing types: Sessions}
{"logTime": "1203/042701", "correlationVector":"Cv16HIvEw5sfBgty7Mqpa0.1","action":"SyncServerConnectionManagerRequest", "result":"SYNC_SERVER_OK", "context":{"environment":"Prod_SoutheastAsia_000j", "migrationStage":"NotStarted", "server":"GENERAL0300001N"}}
{"logTime": "1203/042701", "correlationVector":"Cv16HIvEw5sfBgty7Mqpa0.2","action":"Commit Response", "result":"Success", "context":Result: Success. cV=Cv16HIvEw5sfBgty7Mqpa0.0;server=GENERAL0300001N;cloudType=Consumer;environment=Prod_SoutheastAsia_000j;migrationStage=NotStarted}
{"logTime": "1205/120717", "correlationVector":"okRZy46H5Zlx3BDS2etZLq.1","action":"SyncServerConnectionManagerRequest", "result":"SYNC_SERVER_OK", "context":{"environment":"Prod_SoutheastAsia_000j", "migrationStage":"NotStarted", "server":"GENERAL0100001D"}}
{"logTime": "1205/120717", "correlationVector":"YGWkhN1piAIzoSR2MLA5SP","action":"SyncServerConnectionManagerRequest", "result":"SYNC_SERVER_OK", "context":{"environment":"", "migrationStage":"", "server":""}}
{"logTime": "1205/120718", "correlationVector":"okRZy46H5Zlx3BDS2etZLq","action":"Initial GetUpdates", "result":"", "context":Reason: NEW_CLIENT. cV=okRZy46H5Zlx3BDS2etZLq}
{"logTime": "1205/120718", "correlationVector":"okRZy46H5Zlx3BDS2etZLq.2","action":"GetUpdates Response", "result":"Success", "context":Received 1 update(s). cV=okRZy46H5Zlx3BDS2etZLq.0;server=GENERAL0100001D;cloudType=Consumer;environment=Prod_SoutheastAsia_000j;migrationStage=NotStarted}
{"logTime": "1205/120718", "correlationVector":"ocZxvIPXiDe4wrAS/Sh1ms","action":"Initial GetUpdates", "result":"", "context":Reason: NEWLY_SUPPORTED_DATATYPE. cV=ocZxvIPXiDe4wrAS/Sh1ms}
{"logTime": "1205/120718", "correlationVector":"ocZxvIPXiDe4wrAS/Sh1ms.1","action":"SyncServerConnectionManagerRequest", "result":"SYNC_SERVER_OK", "context":{"environment":"Prod_SoutheastAsia_000j", "migrationStage":"NotStarted", "server":"GENERAL0100000N"}}
{"logTime": "1205/120718", "correlationVector":"ocZxvIPXiDe4wrAS/Sh1ms.2","action":"GetUpdates", "result":"DeleteReceived", "context":{"id":"e1ecc2ec-20b6-487f-8c2d-c3d3a4178e06", "isDeleted:":"true", "version":"1710228370958"}}
{"logTime": "1205/120718", "correlationVector":"ocZxvIPXiDe4wrAS/Sh1ms.3","action":"GetUpdates", "result":"DeleteReceived", "context":{"id":"5ba602c1-8871-4c34-b310-28ce51307980", "isDeleted:":"true", "version":"1714621292885"}}
{"logTime": "1205/120718", "correlationVector":"ocZxvIPXiDe4wrAS/Sh1ms.4","action":"GetUpdates", "result":"DeleteReceived", "context":{"id":"d4d41812-c5f5-42cd-8dab-24ca44c2b7b2", "isDeleted:":"true", "version":"1727595097017"}}
{"logTime": "1205/120718", "correlationVector":"ocZxvIPXiDe4wrAS/Sh1ms.5","action":"GetUpdates", "result":"DeleteReceived", "context":{"id":"6c1a0810-c0f5-40ec-8dcc-be78446e3128", "isDeleted:":"true", "version":"1730961006124"}}
{"logTime": "1205/120718", "correlationVector":"ocZxvIPXiDe4wrAS/Sh1ms.6","action":"GetUpdates Response", "result":"Success", "context":Received 32 update(s). cV=ocZxvIPXiDe4wrAS/Sh1ms.0;server=GENERAL0100000N;cloudType=Consumer;environment=Prod_SoutheastAsia_000j;migrationStage=NotStarted}
{"logTime": "1205/120719", "correlationVector":"cIRDnPn/xJaUCc2A04EHKH","action":"Normal GetUpdate request", "result":"", "context":cV=cIRDnPn/xJaUCc2A04EHKH
Nudged types: Sessions, Device Info
Refresh requested types: Bookmarks, Preferences, Passwords, Autofill Profiles, Autofill, Typed URLs, Extensions, Sessions, Extension settings, History Delete Directives, Device Info, User Consents, Send Tab To Self, Web Apps, Collection, Edge E Drop, Edge Hub App Usage, Edge Tab Group, Edge Wallet, Encryption Keys}
{"logTime": "1205/120720", "correlationVector":"cIRDnPn/xJaUCc2A04EHKH.1","action":"SyncServerConnectionManagerRequest", "result":"SYNC_SERVER_OK", "context":{"environment":"Prod_SoutheastAsia_000j", "migrationStage":"NotStarted", "server":"GENERAL01000011"}}
{"logTime": "1205/120720", "correlationVector":"cIRDnPn/xJaUCc2A04EHKH.2","action":"GetUpdates", "result":"DeleteReceived", "context":{"id":"9b108ae8-9004-4327-bfe2-7a26c6cfb0e9", "isDeleted:":"true", "version":"1733368521901"}}
{"logTime": "1205/120720", "correlationVector":"cIRDnPn/xJaUCc2A04EHKH.3","action":"GetUpdates", "result":"DeleteReceived", "context":{"id":"9c5ec5da-6af7-4463-9a0d-c88d06884a02", "isDeleted:":"true", "version":"1733368523869"}}
{"logTime": "1205/120720", "correlationVector":"cIRDnPn/xJaUCc2A04EHKH.4","action":"GetUpdates", "result":"DeleteReceived", "context":{"id":"ad4da63c-a9e9-44c4-a3c8-d03beb8772c0", "isDeleted:":"true", "version":"1733368524933"}}
{"logTime": "1205/120720", "correlationVector":"cIRDnPn/xJaUCc2A04EHKH.5","action":"GetUpdates", "result":"DeleteReceived", "context":{"id":"d415af20-61c0-4b54-9f33-2d35f5da4938", "isDeleted:":"true", "version":"1733368525889"}}
{"logTime": "1205/120720", "correlationVector":"cIRDnPn/xJaUCc2A04EHKH.6","action":"GetUpdates", "result":"DeleteReceived", "context":{"id":"3872db83-47ad-4aa7-b444-38205e61a4ae", "isDeleted:":"true", "version":"1733368565493"}}
{"logTime": "1205/120720", "correlationVector":"cIRDnPn/xJaUCc2A04EHKH.7","action":"GetUpdates", "result":"DeleteReceived", "context":{"id":"2b45507b-0556-4851-8efd-8d829a110dbe", "isDeleted:":"true", "version":"1733199817447"}}
{"logTime": "1205/120720", "correlationVector":"cIRDnPn/xJaUCc2A04EHKH.8","action":"GetUpdates", "result":"DeleteReceived", "context":{"id":"0709f629-5cc3-4eb4-976e-d3a3f7b08942", "isDeleted:":"true", "version":"1733227476398"}}
{"logTime": "1205/120720", "correlationVector":"cIRDnPn/xJaUCc2A04EHKH.9","action":"GetUpdates", "result":"DeleteReceived", "context":{"id":"ae060c9c-2aec-445c-8c97-14d2bb5193d5", "isDeleted:":"true", "version":"1733227476399"}}
{"logTime": "1205/120720", "correlationVector":"cIRDnPn/xJaUCc2A04EHKH.10","action":"GetUpdates", "result":"DeleteReceived", "context":{"id":"9a9db66b-6636-4f98-8faf-abe85f37c2d4", "isDeleted:":"true", "version":"1733227683252"}}
{"logTime": "1205/120720", "correlationVector":"cIRDnPn/xJaUCc2A04EHKH.11","action":"GetUpdates", "result":"DeleteReceived", "context":{"id":"e2cd7ac5-3814-4f0b-aed4-ebb23baea1dc", "isDeleted:":"true", "version":"1733231176926"}}
{"logTime": "1205/120720", "correlationVector":"cIRDnPn/xJaUCc2A04EHKH.12","action":"GetUpdates", "result":"DeleteReceived", "context":{"id":"b404479f-623d-4024-a8d0-2751c038f094", "isDeleted:":"true", "version":"1733320867627"}}
{"logTime": "1205/120720", "correlationVector":"cIRDnPn/xJaUCc2A04EHKH.13","action":"GetUpdates", "result":"DeleteReceived", "context":{"id":"67fb074b-4080-4830-9154-05f80cb2f8b5", "isDeleted:":"true", "version":"1733320867628"}}
{"logTime": "1205/120720", "correlationVector":"cIRDnPn/xJaUCc2A04EHKH.14","action":"GetUpdates", "result":"DeleteReceived", "context":{"id":"a60cc56d-3419-40c3-8f94-8a00ffb4d576", "isDeleted:":"true", "version":"1733321185269"}}
{"logTime": "1205/120720", "correlationVector":"cIRDnPn/xJaUCc2A04EHKH.15","action":"GetUpdates", "result":"DeleteReceived", "context":{"id":"3a13bf43-5023-41d8-9143-55c1dfbade62", "isDeleted:":"true", "version":"1733321585914"}}
{"logTime": "1205/120720", "correlationVector":"cIRDnPn/xJaUCc2A04EHKH.16","action":"GetUpdates", "result":"DeleteReceived", "context":{"id":"cac4fd94-6859-4c20-9fa5-4cf2cf7159ad", "isDeleted:":"true", "version":"1733321706880"}}
{"logTime": "1205/120720", "correlationVector":"cIRDnPn/xJaUCc2A04EHKH.17","action":"GetUpdates", "result":"DeleteReceived", "context":{"id":"c7a9399c-841a-47e8-ae06-104c310ee488", "isDeleted:":"true", "version":"1733322525110"}}
{"logTime": "1205/120720", "correlationVector":"cIRDnPn/xJaUCc2A04EHKH.18","action":"GetUpdates", "result":"DeleteReceived", "context":{"id":"63c3dc38-af3a-4b5e-8097-3be09acee840", "isDeleted:":"true", "version":"1733323364371"}}
{"logTime": "1205/120720", "correlationVector":"cIRDnPn/xJaUCc2A04EHKH.19","action":"GetUpdates", "result":"DeleteReceived", "context":{"id":"19eabe3a-8045-4de9-b863-0dee0be522f3", "isDeleted:":"true", "version":"1733363112747"}}
{"logTime": "1205/120720", "correlationVector":"cIRDnPn/xJaUCc2A04EHKH.20","action":"GetUpdates", "result":"DeleteReceived", "context":{"id":"b0f58f07-94a3-4720-8753-b7e29969a93c", "isDeleted:":"true", "version":"1733365502540"}}
{"logTime": "1205/120720", "correlationVector":"cIRDnPn/xJaUCc2A04EHKH.21","action":"GetUpdates", "result":"DeleteReceived", "context":{"id":"6ba2bb78-f64d-47e7-bffa-d1653aa41a1e", "isDeleted:":"true", "version":"1733365609043"}}
{"logTime": "1205/120720", "correlationVector":"cIRDnPn/xJaUCc2A04EHKH.22","action":"GetUpdates", "result":"DeleteReceived", "context":{"id":"00546a80-4085-4e8c-9f4a-43d86883ed51", "isDeleted:":"true", "version":"1733371221439"}}
{"logTime": "1205/120720", "correlationVector":"cIRDnPn/xJaUCc2A04EHKH.23","action":"GetUpdates", "result":"DeleteReceived", "context":{"id":"4878f81b-542a-431c-8145-f5f1e6cf8ee6", "isDeleted:":"true", "version":"1733371797531"}}
{"logTime": "1205/120720", "correlationVector":"cIRDnPn/xJaUCc2A04EHKH.24","action":"GetUpdates", "result":"DeleteReceived", "context":{"id":"c5ec37a5-08c0-4209-8957-8ee1aea02570", "isDeleted:":"true", "version":"1733373023794"}}
{"logTime": "1205/120720", "correlationVector":"cIRDnPn/xJaUCc2A04EHKH.25","action":"GetUpdates", "result":"DeleteReceived", "context":{"id":"808466e0-5ee6-46fc-b1c1-3f03eddf50a0", "isDeleted:":"true", "version":"1733373607427"}}
{"logTime": "1205/120720", "correlationVector":"cIRDnPn/xJaUCc2A04EHKH.26","action":"GetUpdates", "result":"DeleteReceived", "context":{"id":"4b7ae010-56b0-4143-90c0-2f493b9ad38e", "isDeleted:":"true", "version":"1733374355265"}}
{"logTime": "1205/120720", "correlationVector":"cIRDnPn/xJaUCc2A04EHKH.27","action":"GetUpdates", "result":"DeleteReceived", "context":{"id":"9ff934ad-3adb-4778-80fd-513971ed7859", "isDeleted:":"true", "version":"1733375017354"}}
{"logTime": "1205/120720", "correlationVector":"cIRDnPn/xJaUCc2A04EHKH.28","action":"GetUpdates", "result":"DeleteReceived", "context":{"id":"e77e6132-a291-4de8-8d87-060edf85653c", "isDeleted:":"true", "version":"1733375345433"}}
{"logTime": "1205/120720", "correlationVector":"cIRDnPn/xJaUCc2A04EHKH.29","action":"GetUpdates", "result":"DeleteReceived", "context":{"id":"07f91d03-7290-4fee-977c-aa1e88ac9250", "isDeleted:":"true", "version":"1733376636424"}}
{"logTime": "1205/120720", "correlationVector":"cIRDnPn/xJaUCc2A04EHKH.30","action":"GetUpdates", "result":"DeleteReceived", "context":{"id":"cadc2f12-d917-4ccf-b8af-1623f968b3d0", "isDeleted:":"true", "version":"1733382150640"}}
{"logTime": "1205/120720", "correlationVector":"cIRDnPn/xJaUCc2A04EHKH.31","action":"GetUpdates", "result":"DeleteReceived", "context":{"id":"be15b512-df98-49bb-a0cb-5d803ea04156", "isDeleted:":"true", "version":"1733382150641"}}
{"logTime": "1205/120720", "correlationVector":"cIRDnPn/xJaUCc2A04EHKH.32","action":"GetUpdates", "result":"DeleteReceived", "context":{"id":"b78c7b35-0acd-467d-be7c-8524176a67aa", "isDeleted:":"true", "version":"1733382150642"}}
{"logTime": "1205/120720", "correlationVector":"cIRDnPn/xJaUCc2A04EHKH.33","action":"GetUpdates", "result":"DeleteReceived", "context":{"id":"9fa2ddb0-8bf3-4278-8342-ac508cdbc069", "isDeleted:":"true", "version":"1733382150644"}}
{"logTime": "1205/120720", "correlationVector":"cIRDnPn/xJaUCc2A04EHKH.34","action":"GetUpdates Response", "result":"Success", "context":Received 141 update(s). cV=cIRDnPn/xJaUCc2A04EHKH.0;server=GENERAL01000011;cloudType=Consumer;environment=Prod_SoutheastAsia_000j;migrationStage=NotStarted}
{"logTime": "1205/120720", "correlationVector":"4HDmA4FbJJZBnFyG2zjKVv","action":"Poll GetUpdate request", "result":"", "context":cV=4HDmA4FbJJZBnFyG2zjKVv}
{"logTime": "1205/120721", "correlationVector":"4HDmA4FbJJZBnFyG2zjKVv.1","action":"SyncServerConnectionManagerRequest", "result":"SYNC_SERVER_OK", "context":{"environment":"Prod_SoutheastAsia_000j", "migrationStage":"NotStarted", "server":"GENERAL0100000Q"}}
{"logTime": "1205/120721", "correlationVector":"4HDmA4FbJJZBnFyG2zjKVv.2","action":"GetUpdates Response", "result":"Success", "context":Received 0 update(s). cV=4HDmA4FbJJZBnFyG2zjKVv.0;server=GENERAL0100000Q;cloudType=Consumer;environment=Prod_SoutheastAsia_000j;migrationStage=NotStarted}
{"logTime": "1205/120819", "correlationVector":"zKZoi22FfG/I+Ek/iUgHYT","action":"Commit Request", "result":"", "context":Item count: 2
Contributing types: Sessions}
{"logTime": "1205/120820", "correlationVector":"zKZoi22FfG/I+Ek/iUgHYT.1","action":"SyncServerConnectionManagerRequest", "result":"SYNC_SERVER_OK", "context":{"environment":"Prod_SoutheastAsia_000j", "migrationStage":"NotStarted", "server":"GENERAL03000019"}}
{"logTime": "1205/120820", "correlationVector":"zKZoi22FfG/I+Ek/iUgHYT.2","action":"Commit Response", "result":"Success", "context":Result: Success. cV=zKZoi22FfG/I+Ek/iUgHYT.0;server=GENERAL03000019;cloudType=Consumer;environment=Prod_SoutheastAsia_000j;migrationStage=NotStarted}
{"logTime": "1205/120835", "correlationVector":"VBonFFkoliE/xbl+FsZx8M","action":"Commit Request", "result":"", "context":Item count: 1
Contributing types: Preferences}
{"logTime": "1205/120836", "correlationVector":"VBonFFkoliE/xbl+FsZx8M.1","action":"SyncServerConnectionManagerRequest", "result":"SYNC_AUTH_ERROR", "context":{"environment":"Prod_SoutheastAsia_000j", "migrationStage":"NotStarted", "server":"GENERAL01000008"}}
{"logTime": "1205/120836", "correlationVector":"VBonFFkoliE/xbl+FsZx8M.2","action":"Commit Response", "result":"HTTP error (401)", "context":Result: HTTP error (401). cV=VBonFFkoliE/xbl+FsZx8M.0;server=GENERAL01000008;cloudType=Undetermined;environment=Prod_SoutheastAsia_000j;migrationStage=NotStarted}
{"logTime": "1205/120837", "correlationVector":"J58pVMP3wZ0i+rUW2v4qY/","action":"Commit Request", "result":"", "context":Item count: 1
Contributing types: Preferences}
{"logTime": "1205/120837", "correlationVector":"J58pVMP3wZ0i+rUW2v4qY/.1","action":"SyncServerConnectionManagerRequest", "result":"SYNC_SERVER_OK", "context":{"environment":"Prod_SoutheastAsia_000j", "migrationStage":"NotStarted", "server":"GENERAL0300001N"}}
{"logTime": "1205/120837", "correlationVector":"J58pVMP3wZ0i+rUW2v4qY/.2","action":"Commit Response", "result":"Success", "context":Result: Success. cV=J58pVMP3wZ0i+rUW2v4qY/.0;server=GENERAL0300001N;cloudType=Consumer;environment=Prod_SoutheastAsia_000j;migrationStage=NotStarted}
{"logTime": "1205/121056", "correlationVector":"JkEw77i7HVq7QSshN0XhUg","action":"Commit Request", "result":"", "context":Item count: 1
Contributing types: Sessions}
{"logTime": "1205/121056", "correlationVector":"JkEw77i7HVq7QSshN0XhUg.1","action":"SyncServerConnectionManagerRequest", "result":"SYNC_SERVER_OK", "context":{"environment":"Prod_SoutheastAsia_000j", "migrationStage":"NotStarted", "server":"GENERAL0100000F"}}
{"logTime": "1205/121056", "correlationVector":"JkEw77i7HVq7QSshN0XhUg.2","action":"Commit Response", "result":"Success", "context":Result: Success. cV=JkEw77i7HVq7QSshN0XhUg.0;server=GENERAL0100000F;cloudType=Consumer;environment=Prod_SoutheastAsia_000j;migrationStage=NotStarted}
{"logTime": "1205/121201", "correlationVector":"vlDdIaSbZhuA/NNtwOf/gb","action":"Normal GetUpdate request", "result":"", "context":cV=vlDdIaSbZhuA/NNtwOf/gb
Refresh requested types: Bookmarks, Preferences, Passwords, Autofill Profiles, Autofill, Typed URLs, Extensions, Sessions, Extension settings, History Delete Directives, Device Info, User Consents, Send Tab To Self, Web Apps, Collection, Edge E Drop, Edge Hub App Usage, Edge Tab Group, Edge Wallet, Encryption Keys}
{"logTime": "1205/121202", "correlationVector":"vlDdIaSbZhuA/NNtwOf/gb.1","action":"SyncServerConnectionManagerRequest", "result":"SYNC_SERVER_OK", "context":{"environment":"Prod_SoutheastAsia_000j", "migrationStage":"NotStarted", "server":"GENERAL0100001E"}}
{"logTime": "1205/121202", "correlationVector":"vlDdIaSbZhuA/NNtwOf/gb.2","action":"GetUpdates Response", "result":"Success", "context":Received 3 update(s). cV=vlDdIaSbZhuA/NNtwOf/gb.0;server=GENERAL0100001E;cloudType=Consumer;environment=Prod_SoutheastAsia_000j;migrationStage=NotStarted}
{"logTime": "1205/121840", "correlationVector":"/MokxqAIxDpPD92a3kem86","action":"Commit Request", "result":"", "context":Item count: 1
Contributing types: Sessions}
{"logTime": "1205/121841", "correlationVector":"/MokxqAIxDpPD92a3kem86.1","action":"SyncServerConnectionManagerRequest", "result":"SYNC_SERVER_OK", "context":{"environment":"Prod_SoutheastAsia_000j", "migrationStage":"NotStarted", "server":"GENERAL0300001V"}}
{"logTime": "1205/121841", "correlationVector":"/MokxqAIxDpPD92a3kem86.2","action":"Commit Response", "result":"Success", "context":Result: Success. cV=/MokxqAIxDpPD92a3kem86.0;server=GENERAL0300001V;cloudType=Consumer;environment=Prod_SoutheastAsia_000j;migrationStage=NotStarted}
{"logTime": "1205/121918", "correlationVector":"e2jb9yV0gItWevHAUdETEa","action":"Normal GetUpdate request", "result":"", "context":cV=e2jb9yV0gItWevHAUdETEa
Notified types: Device Info}
{"logTime": "1205/121919", "correlationVector":"e2jb9yV0gItWevHAUdETEa.1","action":"SyncServerConnectionManagerRequest", "result":"SYNC_SERVER_OK", "context":{"environment":"Prod_SoutheastAsia_000j", "migrationStage":"NotStarted", "server":"GENERAL0300002J"}}
{"logTime": "1205/121919", "correlationVector":"e2jb9yV0gItWevHAUdETEa.2","action":"GetUpdates", "result":"DeleteReceived", "context":{"id":"f18d5e68-36b8-4ece-855c-39baa887cf2a", "isDeleted:":"true", "version":"1733401157642"}}
{"logTime": "1205/121919", "correlationVector":"e2jb9yV0gItWevHAUdETEa.3","action":"GetUpdates", "result":"DeleteReceived", "context":{"id":"fed5256f-df6c-4310-a6ce-4dab86fe6795", "isDeleted:":"true", "version":"1733401157643"}}
{"logTime": "1205/121919", "correlationVector":"e2jb9yV0gItWevHAUdETEa.4","action":"GetUpdates Response", "result":"Success", "context":Received 5 update(s). cV=e2jb9yV0gItWevHAUdETEa.0;server=GENERAL0300002J;cloudType=Consumer;environment=Prod_SoutheastAsia_000j;migrationStage=NotStarted}
{"logTime": "1205/122051", "correlationVector":"14XVTfw3a2+mOaxK/d7GeZ","action":"Commit Request", "result":"", "context":Item count: 1
Contributing types: Sessions}
{"logTime": "1205/122052", "correlationVector":"14XVTfw3a2+mOaxK/d7GeZ.1","action":"SyncServerConnectionManagerRequest", "result":"SYNC_SERVER_OK", "context":{"environment":"Prod_SoutheastAsia_000j", "migrationStage":"NotStarted", "server":"GENERAL0100001B"}}
{"logTime": "1205/122052", "correlationVector":"14XVTfw3a2+mOaxK/d7GeZ.2","action":"Commit Response", "result":"Success", "context":Result: Success. cV=14XVTfw3a2+mOaxK/d7GeZ.0;server=GENERAL0100001B;cloudType=Consumer;environment=Prod_SoutheastAsia_000j;migrationStage=NotStarted}
{"logTime": "1206/005128", "correlationVector":"YJ1mOuN9h1ueNbvRQV1vpb","action":"SyncServerConnectionManagerRequest", "result":"CONNECTION_UNAVAILABLE", "context":{"error_type":"net_error_code", "error_value":"-106"}}
{"logTime": "1206/005213", "correlationVector":"sYejxBCLOeUYUdi6/HGNT0","action":"SyncServerConnectionManagerRequest", "result":"CONNECTION_UNAVAILABLE", "context":{"error_type":"net_error_code", "error_value":"-106"}}
{"logTime": "1206/005321", "correlationVector":"KTKIFSs8GpC0e5hEUlKBoz","action":"SyncServerConnectionManagerRequest", "result":"CONNECTION_UNAVAILABLE", "context":{"error_type":"net_error_code", "error_value":"-106"}}
{"logTime": "1206/005356", "correlationVector":"utcV14YDcN8uSKJCWAkAMI.1","action":"SyncServerConnectionManagerRequest", "result":"SYNC_SERVER_OK", "context":{"environment":"Prod_SoutheastAsia_000j", "migrationStage":"NotStarted", "server":"GENERAL0100000Y"}}
{"logTime": "1206/005356", "correlationVector":"sYejxBCLOeUYUdi6/HGNT0","action":"Initial GetUpdates", "result":"", "context":Reason: NEW_CLIENT. cV=sYejxBCLOeUYUdi6/HGNT0}
{"logTime": "1206/005356", "correlationVector":"+3GopTu7+3UrxgP3TmA8eb.0","action":"GetUpdates Response", "result":"Network error (ERR_INTERNET_DISCONNECTED)", "context":Received error: Network error (ERR_INTERNET_DISCONNECTED). }
{"logTime": "1206/005356", "correlationVector":"KTKIFSs8GpC0e5hEUlKBoz","action":"Initial GetUpdates", "result":"", "context":Reason: NEW_CLIENT. cV=KTKIFSs8GpC0e5hEUlKBoz}
{"logTime": "1206/005356", "correlationVector":"M3QvIKUf8TJZkLRpt9V7xM.0","action":"GetUpdates Response", "result":"Network error (ERR_INTERNET_DISCONNECTED)", "context":Received error: Network error (ERR_INTERNET_DISCONNECTED). }
{"logTime": "1206/005356", "correlationVector":"utcV14YDcN8uSKJCWAkAMI","action":"Initial GetUpdates", "result":"", "context":Reason: NEW_CLIENT. cV=utcV14YDcN8uSKJCWAkAMI}
{"logTime": "1206/005356", "correlationVector":"utcV14YDcN8uSKJCWAkAMI.2","action":"GetUpdates Response", "result":"Success", "context":Received 1 update(s). cV=utcV14YDcN8uSKJCWAkAMI.0;server=GENERAL0100000Y;cloudType=Consumer;environment=Prod_SoutheastAsia_000j;migrationStage=NotStarted}
{"logTime": "1206/005356", "correlationVector":"fLioii8ZyYGxfYQ/VGfdCa","action":"Normal GetUpdate request", "result":"", "context":cV=fLioii8ZyYGxfYQ/VGfdCa
Nudged types: Sessions
Refresh requested types: Bookmarks, Preferences, Typed URLs, Extensions, Sessions, Extension settings, History Delete Directives, Device Info, User Consents, Send Tab To Self, Web Apps, Collection, Edge E Drop, Edge Hub App Usage, Edge Tab Group, Edge Wallet, Encryption Keys}
{"logTime": "1206/005400", "correlationVector":"fLioii8ZyYGxfYQ/VGfdCa.1","action":"SyncServerConnectionManagerRequest", "result":"SYNC_SERVER_OK", "context":{"environment":"Prod_SoutheastAsia_000j", "migrationStage":"NotStarted", "server":"GENERAL0100000B"}}
{"logTime": "1206/005400", "correlationVector":"fLioii8ZyYGxfYQ/VGfdCa.2","action":"GetUpdates", "result":"DeleteReceived", "context":{"id":"c785a0ad-87a1-43a6-9afa-467ca8b551d4", "isDeleted:":"true", "version":"1733417856878"}}
{"logTime": "1206/005400", "correlationVector":"fLioii8ZyYGxfYQ/VGfdCa.3","action":"GetUpdates", "result":"DeleteReceived", "context":{"id":"3f58fcae-755c-4b9d-a1ef-938551736bf9", "isDeleted:":"true", "version":"1733417858023"}}
{"logTime": "1206/005400", "correlationVector":"fLioii8ZyYGxfYQ/VGfdCa.4","action":"GetUpdates", "result":"DeleteReceived", "context":{"id":"045a5ec5-caa4-43a3-85e9-ed1c82c932fa", "isDeleted:":"true", "version":"1733417859291"}}
{"logTime": "1206/005400", "correlationVector":"fLioii8ZyYGxfYQ/VGfdCa.5","action":"GetUpdates", "result":"DeleteReceived", "context":{"id":"9bd1d3ee-563c-41bb-b4f2-3b5d8620eb92", "isDeleted:":"true", "version":"1733417860456"}}
{"logTime": "1206/005400", "correlationVector":"fLioii8ZyYGxfYQ/VGfdCa.6","action":"GetUpdates", "result":"DeleteReceived", "context":{"id":"5f357065-0039-4314-8b04-27d5fd5202f7", "isDeleted:":"true", "version":"1733417864126"}}
{"logTime": "1206/005400", "correlationVector":"fLioii8ZyYGxfYQ/VGfdCa.7","action":"GetUpdates", "result":"DeleteReceived", "context":{"id":"8e33adae-c3fe-4722-940f-68ec6a1c84b3", "isDeleted:":"true", "version":"1733417865207"}}
{"logTime": "1206/005400", "correlationVector":"fLioii8ZyYGxfYQ/VGfdCa.8","action":"GetUpdates", "result":"DeleteReceived", "context":{"id":"e8e0e8a3-adeb-4092-919c-1271622aab99", "isDeleted:":"true", "version":"1733417872180"}}
{"logTime": "1206/005400", "correlationVector":"fLioii8ZyYGxfYQ/VGfdCa.9","action":"GetUpdates", "result":"DeleteReceived", "context":{"id":"e3963258-536e-4541-8c34-8618a3f9167d", "isDeleted:":"true", "version":"1733417875293"}}
{"logTime": "1206/005400", "correlationVector":"fLioii8ZyYGxfYQ/VGfdCa.10","action":"GetUpdates", "result":"DeleteReceived", "context":{"id":"dea83ac0-6025-4094-990f-8c64fa4d5df8", "isDeleted:":"true", "version":"1733417876558"}}
{"logTime": "1206/005400", "correlationVector":"fLioii8ZyYGxfYQ/VGfdCa.11","action":"GetUpdates", "result":"DeleteReceived", "context":{"id":"bcabe3ac-8fb1-4fe3-8262-f65a30a21660", "isDeleted:":"true", "version":"1733402054043"}}
{"logTime": "1206/005400", "correlationVector":"fLioii8ZyYGxfYQ/VGfdCa.12","action":"GetUpdates", "result":"DeleteReceived", "context":{"id":"fe3146b5-e01e-413e-b061-04810b0ebd4b", "isDeleted:":"true", "version":"1733404820814"}}
{"logTime": "1206/005400", "correlationVector":"fLioii8ZyYGxfYQ/VGfdCa.13","action":"GetUpdates", "result":"DeleteReceived", "context":{"id":"1b406451-5ffe-41db-b077-4796e05a5096", "isDeleted:":"true", "version":"1733404820815"}}
{"logTime": "1206/005400", "correlationVector":"fLioii8ZyYGxfYQ/VGfdCa.14","action":"GetUpdates", "result":"DeleteReceived", "context":{"id":"880e82d7-99d9-4bda-984c-c99603e1df97", "isDeleted:":"true", "version":"1733404826553"}}
{"logTime": "1206/005400", "correlationVector":"fLioii8ZyYGxfYQ/VGfdCa.15","action":"GetUpdates", "result":"DeleteReceived", "context":{"id":"62b90307-0104-4926-83d1-cf2653ee2eda", "isDeleted:":"true", "version":"1733406804741"}}
{"logTime": "1206/005400", "correlationVector":"fLioii8ZyYGxfYQ/VGfdCa.16","action":"GetUpdates", "result":"DeleteReceived", "context":{"id":"79eff897-a34a-45e0-a308-fafe1698cc20", "isDeleted:":"true", "version":"1733408645322"}}
{"logTime": "1206/005400", "correlationVector":"fLioii8ZyYGxfYQ/VGfdCa.17","action":"GetUpdates", "result":"DeleteReceived", "context":{"id":"e8fe26c6-f8a3-4151-9843-def7bedbd7d1", "isDeleted:":"true", "version":"1733409436581"}}
{"logTime": "1206/005400", "correlationVector":"fLioii8ZyYGxfYQ/VGfdCa.18","action":"GetUpdates", "result":"DeleteReceived", "context":{"id":"b0785c6b-9e6a-4cc3-a18b-b7c898b005e9", "isDeleted:":"true", "version":"1733410461707"}}
{"logTime": "1206/005400", "correlationVector":"fLioii8ZyYGxfYQ/VGfdCa.19","action":"GetUpdates", "result":"DeleteReceived", "context":{"id":"3a87b7bb-67da-4e15-b9ce-bbcb9944f9e8", "isDeleted:":"true", "version":"1733411754511"}}
{"logTime": "1206/005400", "correlationVector":"fLioii8ZyYGxfYQ/VGfdCa.20","action":"GetUpdates", "result":"DeleteReceived", "context":{"id":"3cb8a522-0521-49ae-b2f4-84871a712d3c", "isDeleted:":"true", "version":"1733412100854"}}
{"logTime": "1206/005400", "correlationVector":"fLioii8ZyYGxfYQ/VGfdCa.21","action":"GetUpdates", "result":"DeleteReceived", "context":{"id":"579439e5-0df7-4230-9e0e-7d66d0818382", "isDeleted:":"true", "version":"1733412718435"}}
{"logTime": "1206/005400", "correlationVector":"fLioii8ZyYGxfYQ/VGfdCa.22","action":"GetUpdates", "result":"DeleteReceived", "context":{"id":"4d124f9a-14b6-4525-a01c-f44e3308780d", "isDeleted:":"true", "version":"1733412960012"}}
{"logTime": "1206/005400", "correlationVector":"fLioii8ZyYGxfYQ/VGfdCa.23","action":"GetUpdates", "result":"DeleteReceived", "context":{"id":"ea31b393-ee77-4126-b828-c2ad83e572c3", "isDeleted:":"true", "version":"1733413181129"}}
{"logTime": "1206/005400", "correlationVector":"fLioii8ZyYGxfYQ/VGfdCa.24","action":"GetUpdates", "result":"DeleteReceived", "context":{"id":"f0256db9-13ac-41fa-8bcd-eec837c0592c", "isDeleted:":"true", "version":"1733413470905"}}
{"logTime": "1206/005400", "correlationVector":"fLioii8ZyYGxfYQ/VGfdCa.25","action":"GetUpdates", "result":"DeleteReceived", "context":{"id":"f18ae712-7dfa-4a2e-9787-576e86281ffc", "isDeleted:":"true", "version":"1733413671872"}}
{"logTime": "1206/005400", "correlationVector":"fLioii8ZyYGxfYQ/VGfdCa.26","action":"GetUpdates", "result":"DeleteReceived", "context":{"id":"8b9ad64a-42e7-4169-894f-4f447612c4be", "isDeleted:":"true", "version":"1733414312320"}}
{"logTime": "1206/005400", "correlationVector":"fLioii8ZyYGxfYQ/VGfdCa.27","action":"GetUpdates", "result":"DeleteReceived", "context":{"id":"42526483-2a07-4798-b5fd-d159cbfb5ec6", "isDeleted:":"true", "version":"1733416022269"}}
{"logTime": "1206/005400", "correlationVector":"fLioii8ZyYGxfYQ/VGfdCa.28","action":"GetUpdates", "result":"DeleteReceived", "context":{"id":"50349a16-6980-45d8-8c63-b00d91f4ae32", "isDeleted:":"true", "version":"1733416924672"}}
{"logTime": "1206/005400", "correlationVector":"fLioii8ZyYGxfYQ/VGfdCa.29","action":"GetUpdates Response", "result":"Success", "context":Received 95 update(s). cV=fLioii8ZyYGxfYQ/VGfdCa.0;server=GENERAL0100000B;cloudType=Consumer;environment=Prod_SoutheastAsia_000j;migrationStage=NotStarted}
{"logTime": "1206/005400", "correlationVector":"ayWlXFCwUNdkpy4yIC59VY","action":"Poll GetUpdate request", "result":"", "context":cV=ayWlXFCwUNdkpy4yIC59VY}
{"logTime": "1206/005401", "correlationVector":"ayWlXFCwUNdkpy4yIC59VY.1","action":"SyncServerConnectionManagerRequest", "result":"SYNC_SERVER_OK", "context":{"environment":"Prod_SoutheastAsia_000j", "migrationStage":"NotStarted", "server":"GENERAL01000013"}}
{"logTime": "1206/005401", "correlationVector":"ayWlXFCwUNdkpy4yIC59VY.2","action":"GetUpdates Response", "result":"Success", "context":Received 0 update(s). cV=ayWlXFCwUNdkpy4yIC59VY.0;server=GENERAL01000013;cloudType=Consumer;environment=Prod_SoutheastAsia_000j;migrationStage=NotStarted}
{"logTime": "1206/005402", "correlationVector":"Xb4gMdZEMamQZfe7F9Pu65","action":"Normal GetUpdate request", "result":"", "context":cV=Xb4gMdZEMamQZfe7F9Pu65
Refresh requested types: Encryption Keys}
{"logTime": "1206/005403", "correlationVector":"Xb4gMdZEMamQZfe7F9Pu65.1","action":"SyncServerConnectionManagerRequest", "result":"SYNC_SERVER_OK", "context":{"environment":"Prod_SoutheastAsia_000j", "migrationStage":"NotStarted", "server":"GENERAL0100000W"}}
{"logTime": "1206/005403", "correlationVector":"Xb4gMdZEMamQZfe7F9Pu65.2","action":"GetUpdates Response", "result":"Success", "context":Received 0 update(s). cV=Xb4gMdZEMamQZfe7F9Pu65.0;server=GENERAL0100000W;cloudType=Consumer;environment=Prod_SoutheastAsia_000j;migrationStage=NotStarted}
{"logTime": "1206/005410", "correlationVector":"NZNQOSGoZKjMUZVeD9efJU","action":"SyncServerConnectionManagerRequest", "result":"SYNC_SERVER_OK", "context":{"environment":"", "migrationStage":"", "server":""}}
{"logTime": "1206/005410", "correlationVector":"wn5CETs6KohNLG6mQhetzJ","action":"Initial GetUpdates", "result":"", "context":Reason: NEWLY_SUPPORTED_DATATYPE. cV=wn5CETs6KohNLG6mQhetzJ}
{"logTime": "1206/005418", "correlationVector":"wn5CETs6KohNLG6mQhetzJ.1","action":"SyncServerConnectionManagerRequest", "result":"SYNC_SERVER_OK", "context":{"environment":"Prod_SoutheastAsia_000j", "migrationStage":"NotStarted", "server":"GENERAL0100000I"}}
{"logTime": "1206/005418", "correlationVector":"wn5CETs6KohNLG6mQhetzJ.2","action":"GetUpdates", "result":"DeleteReceived", "context":{"id":"e1ecc2ec-20b6-487f-8c2d-c3d3a4178e06", "isDeleted:":"true", "version":"1710228370958"}}
{"logTime": "1206/005418", "correlationVector":"wn5CETs6KohNLG6mQhetzJ.3","action":"GetUpdates", "result":"DeleteReceived", "context":{"id":"5ba602c1-8871-4c34-b310-28ce51307980", "isDeleted:":"true", "version":"1714621292885"}}
{"logTime": "1206/005418", "correlationVector":"wn5CETs6KohNLG6mQhetzJ.4","action":"GetUpdates", "result":"DeleteReceived", "context":{"id":"d4d41812-c5f5-42cd-8dab-24ca44c2b7b2", "isDeleted:":"true", "version":"1727595097017"}}
{"logTime": "1206/005418", "correlationVector":"wn5CETs6KohNLG6mQhetzJ.5","action":"GetUpdates", "result":"DeleteReceived", "context":{"id":"6c1a0810-c0f5-40ec-8dcc-be78446e3128", "isDeleted:":"true", "version":"1730961006124"}}
{"logTime": "1206/005418", "correlationVector":"wn5CETs6KohNLG6mQhetzJ.6","action":"GetUpdates Response", "result":"Success", "context":Received 32 update(s). cV=wn5CETs6KohNLG6mQhetzJ.0;server=GENERAL0100000I;cloudType=Consumer;environment=Prod_SoutheastAsia_000j;migrationStage=NotStarted}
{"logTime": "1206/005418", "correlationVector":"6TgXFbuqrr5J745MqqGMae","action":"Normal GetUpdate request", "result":"", "context":cV=6TgXFbuqrr5J745MqqGMae
Nudged types: Sessions, Device Info
Refresh requested types: Bookmarks, Preferences, Passwords, Autofill Profiles, Autofill, Typed URLs, Extensions, Sessions, Extension settings, History Delete Directives, Device Info, User Consents, Send Tab To Self, Web Apps, Collection, Edge E Drop, Edge Hub App Usage, Edge Tab Group, Edge Wallet, Encryption Keys}
{"logTime": "1206/005419", "correlationVector":"6TgXFbuqrr5J745MqqGMae.1","action":"SyncServerConnectionManagerRequest", "result":"SYNC_SERVER_OK", "context":{"environment":"Prod_SoutheastAsia_000j", "migrationStage":"NotStarted", "server":"GENERAL0300002N"}}
{"logTime": "1206/005419", "correlationVector":"6TgXFbuqrr5J745MqqGMae.2","action":"GetUpdates Response", "result":"Success", "context":Received 0 update(s). cV=6TgXFbuqrr5J745MqqGMae.0;server=GENERAL0300002N;cloudType=Consumer;environment=Prod_SoutheastAsia_000j;migrationStage=NotStarted}
{"logTime": "1206/005419", "correlationVector":"GncBf5g1cOTlo/EEZJmf5T","action":"Commit Request", "result":"", "context":Item count: 3
Contributing types: Sessions, Device Info}
{"logTime": "1206/005421", "correlationVector":"GncBf5g1cOTlo/EEZJmf5T.1","action":"SyncServerConnectionManagerRequest", "result":"SYNC_SERVER_OK", "context":{"environment":"Prod_SoutheastAsia_000j", "migrationStage":"NotStarted", "server":"GENERAL0300001P"}}
{"logTime": "1206/005421", "correlationVector":"GncBf5g1cOTlo/EEZJmf5T.2","action":"Commit Response", "result":"Success", "context":Result: Success. cV=GncBf5g1cOTlo/EEZJmf5T.0;server=GENERAL0300001P;cloudType=Consumer;environment=Prod_SoutheastAsia_000j;migrationStage=NotStarted}
{"logTime": "1206/005514", "correlationVector":"t0f5UO7V7bFcK86+DU2gg5","action":"Commit Request", "result":"", "context":Item count: 1
Contributing types: Sessions}
{"logTime": "1206/005522", "correlationVector":"t0f5UO7V7bFcK86+DU2gg5.1","action":"SyncServerConnectionManagerRequest", "result":"SYNC_SERVER_OK", "context":{"environment":"Prod_SoutheastAsia_000j", "migrationStage":"NotStarted", "server":"GENERAL03000013"}}
{"logTime": "1206/005522", "correlationVector":"t0f5UO7V7bFcK86+DU2gg5.2","action":"Commit Response", "result":"Success", "context":Result: Success. cV=t0f5UO7V7bFcK86+DU2gg5.0;server=GENERAL03000013;cloudType=Consumer;environment=Prod_SoutheastAsia_000j;migrationStage=NotStarted}
{"logTime": "1206/011520", "correlationVector":"VR/FVlRjMVQeF4mAphb73w.1","action":"SyncServerConnectionManagerRequest", "result":"SYNC_SERVER_OK", "context":{"environment":"Prod_SoutheastAsia_000j", "migrationStage":"NotStarted", "server":"GENERAL0300002N"}}
{"logTime": "1206/011522", "correlationVector":"F3JS+yykZ2o+pS9SYlR0H1","action":"SyncServerConnectionManagerRequest", "result":"SYNC_SERVER_OK", "context":{"environment":"", "migrationStage":"", "server":""}}
{"logTime": "1206/011522", "correlationVector":"VR/FVlRjMVQeF4mAphb73w","action":"Initial GetUpdates", "result":"", "context":Reason: NEW_CLIENT. cV=VR/FVlRjMVQeF4mAphb73w}
{"logTime": "1206/011522", "correlationVector":"VR/FVlRjMVQeF4mAphb73w.2","action":"GetUpdates Response", "result":"Success", "context":Received 1 update(s). cV=VR/FVlRjMVQeF4mAphb73w.0;server=GENERAL0300002N;cloudType=Consumer;environment=Prod_SoutheastAsia_000j;migrationStage=NotStarted}
{"logTime": "1206/011522", "correlationVector":"bo9OtlguLdivVwV5ZmwzX+","action":"Initial GetUpdates", "result":"", "context":Reason: NEWLY_SUPPORTED_DATATYPE. cV=bo9OtlguLdivVwV5ZmwzX+}
{"logTime": "1206/011523", "correlationVector":"bo9OtlguLdivVwV5ZmwzX+.1","action":"SyncServerConnectionManagerRequest", "result":"SYNC_SERVER_OK", "context":{"environment":"Prod_SoutheastAsia_000j", "migrationStage":"NotStarted", "server":"GENERAL0300000J"}}
{"logTime": "1206/011523", "correlationVector":"bo9OtlguLdivVwV5ZmwzX+.2","action":"GetUpdates", "result":"DeleteReceived", "context":{"id":"e1ecc2ec-20b6-487f-8c2d-c3d3a4178e06", "isDeleted:":"true", "version":"1710228370958"}}
{"logTime": "1206/011523", "correlationVector":"bo9OtlguLdivVwV5ZmwzX+.3","action":"GetUpdates", "result":"DeleteReceived", "context":{"id":"5ba602c1-8871-4c34-b310-28ce51307980", "isDeleted:":"true", "version":"1714621292885"}}
{"logTime": "1206/011523", "correlationVector":"bo9OtlguLdivVwV5ZmwzX+.4","action":"GetUpdates", "result":"DeleteReceived", "context":{"id":"d4d41812-c5f5-42cd-8dab-24ca44c2b7b2", "isDeleted:":"true", "version":"1727595097017"}}
{"logTime": "1206/011523", "correlationVector":"bo9OtlguLdivVwV5ZmwzX+.5","action":"GetUpdates", "result":"DeleteReceived", "context":{"id":"6c1a0810-c0f5-40ec-8dcc-be78446e3128", "isDeleted:":"true", "version":"1730961006124"}}
{"logTime": "1206/011523", "correlationVector":"bo9OtlguLdivVwV5ZmwzX+.6","action":"GetUpdates Response", "result":"Success", "context":Received 32 update(s). cV=bo9OtlguLdivVwV5ZmwzX+.0;server=GENERAL0300000J;cloudType=Consumer;environment=Prod_SoutheastAsia_000j;migrationStage=NotStarted}
{"logTime": "1206/011523", "correlationVector":"rHwggtfbm0A2kjSndSKRlw","action":"Normal GetUpdate request", "result":"", "context":cV=rHwggtfbm0A2kjSndSKRlw
Nudged types: Sessions, Device Info
Refresh requested types: Bookmarks, Preferences, Passwords, Autofill Profiles, Autofill, Typed URLs, Extensions, Sessions, Extension settings, History Delete Directives, Device Info, User Consents, Send Tab To Self, Web Apps, Collection, Edge E Drop, Edge Hub App Usage, Edge Tab Group, Edge Wallet, Encryption Keys}
{"logTime": "1206/011524", "correlationVector":"rHwggtfbm0A2kjSndSKRlw.1","action":"SyncServerConnectionManagerRequest", "result":"SYNC_SERVER_OK", "context":{"environment":"Prod_SoutheastAsia_000j", "migrationStage":"NotStarted", "server":"GENERAL0300000V"}}
{"logTime": "1206/011524", "correlationVector":"rHwggtfbm0A2kjSndSKRlw.2","action":"GetUpdates", "result":"DeleteReceived", "context":{"id":"f12b70a7-1614-495e-874d-053c6f9588ef", "isDeleted:":"true", "version":"1733447405320"}}
{"logTime": "1206/011524", "correlationVector":"rHwggtfbm0A2kjSndSKRlw.3","action":"GetUpdates", "result":"DeleteReceived", "context":{"id":"69838753-9f9c-4866-9e2d-23133ef73396", "isDeleted:":"true", "version":"1733447405321"}}
{"logTime": "1206/011524", "correlationVector":"rHwggtfbm0A2kjSndSKRlw.4","action":"GetUpdates", "result":"DeleteReceived", "context":{"id":"7fb11cfe-3627-4042-892c-657f7d0999cb", "isDeleted:":"true", "version":"1733447405322"}}
{"logTime": "1206/011524", "correlationVector":"rHwggtfbm0A2kjSndSKRlw.5","action":"GetUpdates Response", "result":"Success", "context":Received 10 update(s). cV=rHwggtfbm0A2kjSndSKRlw.0;server=GENERAL0300000V;cloudType=Consumer;environment=Prod_SoutheastAsia_000j;migrationStage=NotStarted}
{"logTime": "1206/011524", "correlationVector":"Yl9LaVq/ei5gBJ+6bF2RGC","action":"Commit Request", "result":"", "context":Item count: 4
Contributing types: Sessions, Device Info}
{"logTime": "1206/011525", "correlationVector":"Yl9LaVq/ei5gBJ+6bF2RGC.1","action":"SyncServerConnectionManagerRequest", "result":"SYNC_SERVER_OK", "context":{"environment":"Prod_SoutheastAsia_000j", "migrationStage":"NotStarted", "server":"GENERAL0100000G"}}
{"logTime": "1206/011525", "correlationVector":"Yl9LaVq/ei5gBJ+6bF2RGC.3","action":"Commit.Sessions", "result":"Success", "context":{"id":"001d99bb-cb08-4dcc-a305-fa26bb32def5", "isDeleted":"true", "size":"0", "version":"1733446523425"}}
{"logTime": "1206/011525", "correlationVector":"Yl9LaVq/ei5gBJ+6bF2RGC.2","action":"Commit Response", "result":"Success", "context":Result: Success. cV=Yl9LaVq/ei5gBJ+6bF2RGC.0;server=GENERAL0100000G;cloudType=Consumer;environment=Prod_SoutheastAsia_000j;migrationStage=NotStarted}
{"logTime": "1206/011620", "correlationVector":"8nm21XgXbeDF9xUlpgrD/f","action":"Commit Request", "result":"", "context":Item count: 1
Contributing types: Sessions}
{"logTime": "1206/011621", "correlationVector":"8nm21XgXbeDF9xUlpgrD/f.1","action":"SyncServerConnectionManagerRequest", "result":"SYNC_SERVER_OK", "context":{"environment":"Prod_SoutheastAsia_000j", "migrationStage":"NotStarted", "server":"GENERAL0100000N"}}
{"logTime": "1206/011621", "correlationVector":"8nm21XgXbeDF9xUlpgrD/f.2","action":"Commit Response", "result":"Success", "context":Result: Success. cV=8nm21XgXbeDF9xUlpgrD/f.0;server=GENERAL0100000N;cloudType=Consumer;environment=Prod_SoutheastAsia_000j;migrationStage=NotStarted}
{"logTime": "1206/011633", "correlationVector":"ayecJA73Rf4ndi3zhtEAr+","action":"Commit Request", "result":"", "context":Item count: 1
Contributing types: Preferences}
{"logTime": "1206/011634", "correlationVector":"ayecJA73Rf4ndi3zhtEAr+.1","action":"SyncServerConnectionManagerRequest", "result":"SYNC_SERVER_OK", "context":{"environment":"Prod_SoutheastAsia_000j", "migrationStage":"NotStarted", "server":"GENERAL0300002C"}}
{"logTime": "1206/011634", "correlationVector":"ayecJA73Rf4ndi3zhtEAr+.2","action":"Commit Response", "result":"Success", "context":Result: Success. cV=ayecJA73Rf4ndi3zhtEAr+.0;server=GENERAL0300002C;cloudType=Consumer;environment=Prod_SoutheastAsia_000j;migrationStage=NotStarted}
