2024-12-02 09:41:14.672: [INFO][Sync] Reset engine, reason: 8
2024-12-02 09:41:14.672: [INFO][Sync] Stopped: Bookmarks
2024-12-02 09:41:14.672: [INFO][Sync] Stopped: Preferences
2024-12-02 09:41:14.672: [INFO][Sync] Stopped: Passwords
2024-12-02 09:41:14.672: [INFO][Sync] Stopped: Autofill Profiles
2024-12-02 09:41:14.672: [INFO][Sync] Stopped: Autofill
2024-12-02 09:41:14.672: [INFO][Sync] Stopped: Typed URLs
2024-12-02 09:41:14.672: [INFO][Sync] Stopped: Extensions
2024-12-02 09:41:14.672: [INFO][Sync] Stopped: Sessions
2024-12-02 09:41:14.672: [INFO][Sync] Stopped: Extension settings
2024-12-02 09:41:14.673: [INFO][Sync] Stopped: History Delete Directives
2024-12-02 09:41:14.673: [INFO][Sync] Stopped: Device Info
2024-12-02 09:41:14.673: [INFO][Sync] Stopped: User Consents
2024-12-02 09:41:14.673: [INFO][Sync] Stopped: Send Tab To Self
2024-12-02 09:41:14.673: [INFO][Sync] Stopped: Web Apps
2024-12-02 09:41:14.673: [INFO][Sync] Stopped: History
2024-12-02 09:41:14.673: [INFO][Sync] Stopped: Collection
2024-12-02 09:41:14.673: [INFO][Sync] Stopped: Edge E Drop
2024-12-02 09:41:14.673: [INFO][Sync] Stopped: Edge Hub App Usage
2024-12-02 09:41:14.673: [INFO][Sync] Stopped: Edge Tab Group
2024-12-02 09:41:14.673: [INFO][Sync] Stopped: Edge Wallet
2024-12-02 09:41:14.673: [INFO][Sync] SyncState after authenticated was: NotSignedIn
2024-12-02 09:41:15.662: [INFO][Sync] Reset engine, reason: 8
2024-12-02 09:41:15.662: [INFO][Sync] Stopped: Bookmarks
2024-12-02 09:41:15.662: [INFO][Sync] Stopped: Preferences
2024-12-02 09:41:15.662: [INFO][Sync] Stopped: Passwords
2024-12-02 09:41:15.662: [INFO][Sync] Stopped: Autofill Profiles
2024-12-02 09:41:15.662: [INFO][Sync] Stopped: Autofill
2024-12-02 09:41:15.662: [INFO][Sync] Stopped: Typed URLs
2024-12-02 09:41:15.662: [INFO][Sync] Stopped: Extensions
2024-12-02 09:41:15.662: [INFO][Sync] Stopped: Sessions
2024-12-02 09:41:15.662: [INFO][Sync] Stopped: Extension settings
2024-12-02 09:41:15.662: [INFO][Sync] Stopped: History Delete Directives
2024-12-02 09:41:15.662: [INFO][Sync] Stopped: Device Info
2024-12-02 09:41:15.662: [INFO][Sync] Stopped: User Consents
2024-12-02 09:41:15.662: [INFO][Sync] Stopped: Send Tab To Self
2024-12-02 09:41:15.662: [INFO][Sync] Stopped: Web Apps
2024-12-02 09:41:15.662: [INFO][Sync] Stopped: History
2024-12-02 09:41:15.662: [INFO][Sync] Stopped: Collection
2024-12-02 09:41:15.662: [INFO][Sync] Stopped: Edge E Drop
2024-12-02 09:41:15.662: [INFO][Sync] Stopped: Edge Hub App Usage
2024-12-02 09:41:15.662: [INFO][Sync] Stopped: Edge Tab Group
2024-12-02 09:41:15.662: [INFO][Sync] Stopped: Edge Wallet
2024-12-02 09:41:20.464: [INFO][Sync] Try to start sync engine
2024-12-02 09:41:20.487: [INFO][SyncManagerImpl::NudgeForInitialDownload] Initial download nudge for Encryption Keys
2024-12-02 09:41:20.487: [INFO][SyncEngineBackend::LoadAndConnectNigoriController] Load and connect Nigori controller
2024-12-02 09:41:20.487: [INFO][SyncEngineBackend::DoInitialize] Control Types added: Encryption Keys
2024-12-02 09:41:20.487: [INFO][SyncManagerImpl::ConfigureSyncer] Types to download: Encryption Keys with reason: 3
2024-12-02 09:41:20.488: [INFO][SyncSchedulerImpl::DoConfigurationSyncCycleJob] Configure job was blocked
2024-12-02 09:41:31.577: [INFO][SyncAuthManager::SetLastAuthError] Current auth error: None
2024-12-02 09:41:31.577: [INFO][SyncAuthManager::EdgeLogTokenErrorState] Token error with: None for account type: MSA
2024-12-02 09:41:31.577: [INFO][Sync] Credentials changed for: EdgeSyncScopeNew
2024-12-02 09:41:53.112: [INFO][SyncAuthManager::SetLastAuthError] Current auth error: None
2024-12-02 09:41:53.112: [INFO][SyncAuthManager::EdgeLogTokenErrorState] Token error with: None for account type: MSA
2024-12-02 09:41:53.112: [INFO][Sync] Credentials changed for: EdgeSyncKeyDataScope
2024-12-02 09:41:53.112: [INFO][SyncEngineBackend::DoUpdateKeyDataCredentials] Update key data credentials
2024-12-02 09:41:53.112: [INFO][SyncEngineBackend::DoUpdateCredentials] Update credentials
2024-12-02 09:41:53.112: [INFO][SyncSchedulerImpl::DoConfigurationSyncCycleJob] Blocked types:  and types to download: Encryption Keys
2024-12-02 09:41:54.753: [INFO][Sync] Started DataTypeManager configuration, reason: 4
2024-12-02 09:41:54.753: [INFO][Sync] Configuring for: Bookmarks, Preferences, Passwords, Autofill Profiles, Autofill, Typed URLs, Extensions, Sessions, Extension settings, History Delete Directives, Device Info, User Consents, Send Tab To Self, Web Apps, Collection, Edge E Drop, Edge Hub App Usage, Edge Tab Group, Edge Wallet, Encryption Keys, reason: 3, current state: 0
2024-12-02 09:41:54.754: [INFO][Sync] Configure, desired: Bookmarks, Preferences, Typed URLs, Extensions, Sessions, Extension settings, History Delete Directives, Device Info, User Consents, Send Tab To Self, Web Apps, Collection, Edge E Drop, Edge Hub App Usage, Edge Tab Group, Edge Wallet, Encryption Keys; Allow fail: Passwords, Autofill Profiles, Autofill
2024-12-02 09:41:54.755: [INFO][Sync] Loading: Bookmarks
2024-12-02 09:41:54.755: [INFO][Sync] Loading: Preferences
2024-12-02 09:41:54.755: [INFO][Sync] Loading: Typed URLs
2024-12-02 09:41:54.755: [INFO][Sync] Loading: Extensions
2024-12-02 09:41:54.756: [INFO][Sync] Loading: Sessions
2024-12-02 09:41:54.756: [INFO][Sync] Loading: Extension settings
2024-12-02 09:41:54.756: [INFO][Sync] Loading: History Delete Directives
2024-12-02 09:41:54.756: [INFO][Sync] Loading: Device Info
2024-12-02 09:41:54.757: [INFO][Sync] Loading: User Consents
2024-12-02 09:41:54.757: [INFO][Sync] Loading: Send Tab To Self
2024-12-02 09:41:54.757: [INFO][Sync] Loading: Web Apps
2024-12-02 09:41:54.757: [INFO][Sync] Loading: Collection
2024-12-02 09:41:54.757: [INFO][Sync] Loading: Edge E Drop
2024-12-02 09:41:54.757: [INFO][Sync] Loading: Edge Hub App Usage
2024-12-02 09:41:54.758: [INFO][Sync] Loading: Edge Tab Group
2024-12-02 09:41:54.758: [INFO][Sync] Loading: Edge Wallet
2024-12-02 09:41:54.766: [INFO][Sync] All data types are ready for configure.
2024-12-02 09:41:55.763: [INFO][Sync] Started DataTypeManager configuration, reason: 5
2024-12-02 09:41:55.763: [INFO][Sync] Configuring for: Bookmarks, Preferences, Passwords, Autofill Profiles, Autofill, Typed URLs, Extensions, Sessions, Extension settings, History Delete Directives, Device Info, User Consents, Send Tab To Self, Web Apps, Collection, Edge E Drop, Edge Hub App Usage, Edge Tab Group, Edge Wallet, Encryption Keys, reason: 5, current state: 1
2024-12-02 09:41:55.765: [INFO][SyncEngineBackend::DoStartConfiguration] Start configuration
2024-12-02 09:41:55.765: [INFO][SyncManagerImpl::NudgeForInitialDownload] Initial download nudge for Bookmarks
2024-12-02 09:41:55.765: [INFO][SyncManagerImpl::NudgeForInitialDownload] Initial download nudge for Preferences
2024-12-02 09:41:55.765: [INFO][SyncManagerImpl::NudgeForInitialDownload] Initial download nudge for Typed URLs
2024-12-02 09:41:55.766: [INFO][SyncManagerImpl::NudgeForInitialDownload] Initial download nudge for Extensions
2024-12-02 09:41:55.766: [INFO][SyncManagerImpl::NudgeForInitialDownload] Initial download nudge for Sessions
2024-12-02 09:41:55.766: [INFO][SyncManagerImpl::NudgeForInitialDownload] Initial download nudge for Extension settings
2024-12-02 09:41:55.766: [INFO][SyncManagerImpl::NudgeForInitialDownload] Initial download nudge for History Delete Directives
2024-12-02 09:41:55.766: [INFO][SyncManagerImpl::NudgeForInitialDownload] Initial download nudge for Device Info
2024-12-02 09:41:55.766: [INFO][SyncManagerImpl::NudgeForInitialDownload] Initial download nudge for Send Tab To Self
2024-12-02 09:41:55.766: [INFO][SyncManagerImpl::NudgeForInitialDownload] Initial download nudge for Web Apps
2024-12-02 09:41:55.766: [INFO][SyncManagerImpl::NudgeForInitialDownload] Initial download nudge for Collection
2024-12-02 09:41:55.766: [INFO][SyncManagerImpl::NudgeForInitialDownload] Initial download nudge for Edge E Drop
2024-12-02 09:41:55.766: [INFO][SyncManagerImpl::NudgeForInitialDownload] Initial download nudge for Edge Hub App Usage
2024-12-02 09:41:55.766: [INFO][SyncManagerImpl::NudgeForInitialDownload] Initial download nudge for Edge Tab Group
2024-12-02 09:41:55.766: [INFO][SyncManagerImpl::NudgeForInitialDownload] Initial download nudge for Edge Wallet
2024-12-02 09:41:55.766: [INFO][SyncManagerImpl::ConfigureSyncer] Types to download:  with reason: 3
2024-12-02 09:41:55.766: [INFO][SyncEngineBackend::DoFinishConfigureDataTypes] Failed to download types:  and succeeded types: 
2024-12-02 09:41:55.766: [INFO][Sync] ConfigurationDone, failed: , succeeded: , remaining count: 3
2024-12-02 09:41:55.766: [WARN][Sync]     Reconfigure requested while configuration ongoing.
2024-12-02 09:41:55.766: [INFO][Sync] Configuring for: Bookmarks, Preferences, Passwords, Autofill Profiles, Autofill, Typed URLs, Extensions, Sessions, Extension settings, History Delete Directives, Device Info, User Consents, Send Tab To Self, Web Apps, Collection, Edge E Drop, Edge Hub App Usage, Edge Tab Group, Edge Wallet, Encryption Keys, reason: 5, current state: 2
2024-12-02 09:41:55.767: [INFO][Sync] Configure, desired: Bookmarks, Preferences, Passwords, Autofill Profiles, Autofill, Typed URLs, Extensions, Sessions, Extension settings, History Delete Directives, Device Info, User Consents, Send Tab To Self, Web Apps, Collection, Edge E Drop, Edge Hub App Usage, Edge Tab Group, Edge Wallet, Encryption Keys; Allow fail: 
2024-12-02 09:41:55.767: [INFO][Sync] Loading: Passwords
2024-12-02 09:41:55.767: [INFO][Sync] Loading: Autofill Profiles
2024-12-02 09:41:55.767: [INFO][Sync] Loading: Autofill
2024-12-02 09:41:55.770: [INFO][Sync] All data types are ready for configure.
2024-12-02 09:41:55.771: [INFO][SyncManagerImpl::NudgeForInitialDownload] Initial download nudge for Passwords
2024-12-02 09:41:55.771: [INFO][SyncManagerImpl::NudgeForInitialDownload] Initial download nudge for Autofill Profiles
2024-12-02 09:41:55.771: [INFO][SyncManagerImpl::NudgeForInitialDownload] Initial download nudge for Autofill
2024-12-02 09:41:55.771: [INFO][SyncManagerImpl::ConfigureSyncer] Types to download:  with reason: 5
2024-12-02 09:41:55.771: [INFO][SyncEngineBackend::DoFinishConfigureDataTypes] Failed to download types:  and succeeded types: 
2024-12-02 09:41:55.771: [INFO][Sync] ConfigurationDone, failed: , succeeded: , remaining count: 3
2024-12-02 09:41:55.771: [INFO][Sync] Prepare to configure types: Preferences, Passwords, Device Info, Send Tab To Self, Edge E Drop, Encryption Keys
2024-12-02 09:41:55.771: [INFO][SyncManagerImpl::ConfigureSyncer] Types to download: Preferences, Passwords, Device Info, Send Tab To Self, Edge E Drop, Encryption Keys with reason: 5
2024-12-02 09:41:55.772: [INFO][SyncSchedulerImpl::DoConfigurationSyncCycleJob] Blocked types:  and types to download: Preferences, Passwords, Device Info, Send Tab To Self, Edge E Drop, Encryption Keys
2024-12-02 09:41:59.581: [INFO][SyncEngineBackend::DoFinishConfigureDataTypes] Failed to download types:  and succeeded types: Preferences, Passwords, Device Info, Send Tab To Self, Edge E Drop, Encryption Keys
2024-12-02 09:41:59.583: [INFO][Sync] ConfigurationDone, failed: , succeeded: Preferences, Passwords, Device Info, Send Tab To Self, Edge E Drop, Encryption Keys, remaining count: 2
2024-12-02 09:41:59.584: [INFO][Sync] Prepare to configure types: Bookmarks, Encryption Keys
2024-12-02 09:41:59.590: [INFO][SyncManagerImpl::ConfigureSyncer] Types to download: Bookmarks, Encryption Keys with reason: 5
2024-12-02 09:41:59.590: [INFO][SyncSchedulerImpl::DoConfigurationSyncCycleJob] Blocked types:  and types to download: Bookmarks, Encryption Keys
2024-12-02 09:42:00.000: [INFO][SyncEngineBackend::DoFinishConfigureDataTypes] Failed to download types:  and succeeded types: Bookmarks, Encryption Keys
2024-12-02 09:42:00.001: [INFO][Sync] ConfigurationDone, failed: , succeeded: Bookmarks, Encryption Keys, remaining count: 1
2024-12-02 09:42:00.003: [INFO][Sync] Prepare to configure types: Autofill Profiles, Autofill, Typed URLs, Extensions, Sessions, Extension settings, History Delete Directives, Web Apps, Collection, Edge Hub App Usage, Edge Tab Group, Edge Wallet, Encryption Keys
2024-12-02 09:42:00.009: [INFO][SyncManagerImpl::ConfigureSyncer] Types to download: Autofill Profiles, Autofill, Typed URLs, Extensions, Sessions, Extension settings, History Delete Directives, Web Apps, Collection, Edge Hub App Usage, Edge Tab Group, Edge Wallet, Encryption Keys with reason: 5
2024-12-02 09:42:00.009: [INFO][SyncSchedulerImpl::DoConfigurationSyncCycleJob] Blocked types:  and types to download: Autofill Profiles, Autofill, Typed URLs, Extensions, Sessions, Extension settings, History Delete Directives, Web Apps, Collection, Edge Hub App Usage, Edge Tab Group, Edge Wallet, Encryption Keys
2024-12-02 09:42:21.596: [INFO][SyncEngineBackend::DoFinishConfigureDataTypes] Failed to download types:  and succeeded types: Autofill Profiles, Autofill, Typed URLs, Extensions, Sessions, Extension settings, History Delete Directives, Web Apps, Collection, Edge Hub App Usage, Edge Tab Group, Edge Wallet, Encryption Keys
2024-12-02 09:42:21.627: [INFO][Sync] ConfigurationDone, failed: , succeeded: Autofill Profiles, Autofill, Typed URLs, Extensions, Sessions, Extension settings, History Delete Directives, Web Apps, Collection, Edge Hub App Usage, Edge Tab Group, Edge Wallet, Encryption Keys, remaining count: 0
2024-12-02 09:42:21.628: [INFO][Sync]     Configuration completed, state: 7
2024-12-02 09:42:21.630: [INFO][Sync] Configured DataTypeManager: Ok
2024-12-02 09:42:21.639: [INFO][SyncEngineBackend::DoStartSyncing] Start syncing
2024-12-03 02:58:59.586: [INFO][Sync] SyncState after authenticated was: FeatureCanStart
2024-12-03 02:59:11.184: [INFO][Sync] Try to start sync engine
2024-12-03 02:59:11.217: [INFO][SyncManagerImpl::NudgeForInitialDownload] Initial download nudge for Encryption Keys
2024-12-03 02:59:11.217: [INFO][SyncEngineBackend::LoadAndConnectNigoriController] Load and connect Nigori controller
2024-12-03 02:59:11.217: [INFO][SyncEngineBackend::DoInitialize] Control Types added: Encryption Keys
2024-12-03 02:59:11.217: [INFO][SyncManagerImpl::ConfigureSyncer] Types to download: Encryption Keys with reason: 3
2024-12-03 02:59:11.217: [INFO][SyncSchedulerImpl::DoConfigurationSyncCycleJob] Configure job was blocked
2024-12-03 02:59:47.720: [INFO][SyncAuthManager::SetLastAuthError] Current auth error: None
2024-12-03 02:59:47.720: [INFO][SyncAuthManager::EdgeLogTokenErrorState] Token error with: None for account type: MSA
2024-12-03 02:59:47.721: [INFO][Sync] Credentials changed for: EdgeSyncKeyDataScope
2024-12-03 02:59:47.721: [INFO][SyncEngineBackend::DoUpdateKeyDataCredentials] Update key data credentials
2024-12-03 02:59:50.459: [INFO][SyncAuthManager::SetLastAuthError] Current auth error: None
2024-12-03 02:59:50.459: [INFO][SyncAuthManager::EdgeLogTokenErrorState] Token error with: None for account type: MSA
2024-12-03 02:59:50.459: [INFO][Sync] Credentials changed for: EdgeSyncScopeNew
2024-12-03 02:59:50.469: [INFO][SyncEngineBackend::DoUpdateCredentials] Update credentials
2024-12-03 02:59:50.472: [INFO][SyncEngineBackend::DoUpdateKeyDataCredentials] Update key data credentials
2024-12-03 02:59:50.472: [INFO][SyncSchedulerImpl::DoConfigurationSyncCycleJob] Blocked types:  and types to download: Encryption Keys
2024-12-03 02:59:51.644: [INFO][Sync] Started DataTypeManager configuration, reason: 4
2024-12-03 02:59:51.646: [INFO][Sync] Configuring for: Bookmarks, Preferences, Passwords, Autofill Profiles, Autofill, Typed URLs, Extensions, Sessions, Extension settings, History Delete Directives, Device Info, User Consents, Send Tab To Self, Web Apps, Collection, Edge E Drop, Edge Hub App Usage, Edge Tab Group, Edge Wallet, Encryption Keys, reason: 4, current state: 0
2024-12-03 02:59:51.655: [INFO][Sync] Configure, desired: Bookmarks, Preferences, Typed URLs, Extensions, Sessions, Extension settings, History Delete Directives, Device Info, User Consents, Send Tab To Self, Web Apps, Collection, Edge E Drop, Edge Hub App Usage, Edge Tab Group, Edge Wallet, Encryption Keys; Allow fail: Passwords, Autofill Profiles, Autofill
2024-12-03 02:59:51.655: [INFO][Sync] Loading: Bookmarks
2024-12-03 02:59:51.655: [INFO][Sync] Loading: Preferences
2024-12-03 02:59:51.655: [INFO][Sync] Loading: Typed URLs
2024-12-03 02:59:51.655: [INFO][Sync] Loading: Extensions
2024-12-03 02:59:51.656: [INFO][Sync] Loading: Sessions
2024-12-03 02:59:51.656: [INFO][Sync] Loading: Extension settings
2024-12-03 02:59:51.656: [INFO][Sync] Loading: History Delete Directives
2024-12-03 02:59:51.656: [INFO][Sync] Loading: Device Info
2024-12-03 02:59:51.657: [INFO][Sync] Loading: User Consents
2024-12-03 02:59:51.657: [INFO][Sync] Loading: Send Tab To Self
2024-12-03 02:59:51.657: [INFO][Sync] Loading: Web Apps
2024-12-03 02:59:51.657: [INFO][Sync] Loading: Collection
2024-12-03 02:59:51.657: [INFO][Sync] Loading: Edge E Drop
2024-12-03 02:59:51.657: [INFO][Sync] Loading: Edge Hub App Usage
2024-12-03 02:59:51.657: [INFO][Sync] Loading: Edge Tab Group
2024-12-03 02:59:51.657: [INFO][Sync] Loading: Edge Wallet
2024-12-03 02:59:51.687: [INFO][Sync] All data types are ready for configure.
2024-12-03 02:59:52.856: [INFO][Sync] Started DataTypeManager configuration, reason: 5
2024-12-03 02:59:52.857: [INFO][Sync] Configuring for: Bookmarks, Preferences, Passwords, Autofill Profiles, Autofill, Typed URLs, Extensions, Sessions, Extension settings, History Delete Directives, Device Info, User Consents, Send Tab To Self, Web Apps, Collection, Edge E Drop, Edge Hub App Usage, Edge Tab Group, Edge Wallet, Encryption Keys, reason: 5, current state: 1
2024-12-03 02:59:52.857: [INFO][SyncEngineBackend::DoStartConfiguration] Start configuration
2024-12-03 02:59:52.857: [INFO][SyncManagerImpl::ConfigureSyncer] Types to download:  with reason: 4
2024-12-03 02:59:52.857: [INFO][SyncEngineBackend::DoFinishConfigureDataTypes] Failed to download types:  and succeeded types: 
2024-12-03 02:59:52.863: [INFO][Sync] ConfigurationDone, failed: , succeeded: , remaining count: 3
2024-12-03 02:59:52.863: [WARN][Sync]     Reconfigure requested while configuration ongoing.
2024-12-03 02:59:52.863: [INFO][Sync] Configuring for: Bookmarks, Preferences, Passwords, Autofill Profiles, Autofill, Typed URLs, Extensions, Sessions, Extension settings, History Delete Directives, Device Info, User Consents, Send Tab To Self, Web Apps, Collection, Edge E Drop, Edge Hub App Usage, Edge Tab Group, Edge Wallet, Encryption Keys, reason: 5, current state: 2
2024-12-03 02:59:52.863: [INFO][Sync] Configure, desired: Bookmarks, Preferences, Passwords, Autofill Profiles, Autofill, Typed URLs, Extensions, Sessions, Extension settings, History Delete Directives, Device Info, User Consents, Send Tab To Self, Web Apps, Collection, Edge E Drop, Edge Hub App Usage, Edge Tab Group, Edge Wallet, Encryption Keys; Allow fail: 
2024-12-03 02:59:52.863: [INFO][Sync] Loading: Passwords
2024-12-03 02:59:52.863: [INFO][Sync] Loading: Autofill Profiles
2024-12-03 02:59:52.863: [INFO][Sync] Loading: Autofill
2024-12-03 02:59:52.867: [INFO][Sync] All data types are ready for configure.
2024-12-03 02:59:52.868: [INFO][SyncManagerImpl::NudgeForInitialDownload] Initial download nudge for Passwords
2024-12-03 02:59:52.869: [INFO][SyncManagerImpl::ConfigureSyncer] Types to download:  with reason: 5
2024-12-03 02:59:52.869: [INFO][SyncEngineBackend::DoFinishConfigureDataTypes] Failed to download types:  and succeeded types: 
2024-12-03 02:59:52.869: [INFO][Sync] ConfigurationDone, failed: , succeeded: , remaining count: 3
2024-12-03 02:59:52.869: [INFO][Sync] Prepare to configure types: Passwords, Encryption Keys
2024-12-03 02:59:52.869: [INFO][SyncManagerImpl::ConfigureSyncer] Types to download: Passwords, Encryption Keys with reason: 5
2024-12-03 02:59:52.869: [INFO][SyncSchedulerImpl::DoConfigurationSyncCycleJob] Blocked types:  and types to download: Passwords, Encryption Keys
2024-12-03 02:59:54.309: [INFO][SyncEngineBackend::DoFinishConfigureDataTypes] Failed to download types:  and succeeded types: Passwords, Encryption Keys
2024-12-03 02:59:54.317: [INFO][Sync] ConfigurationDone, failed: , succeeded: Passwords, Encryption Keys, remaining count: 2
2024-12-03 02:59:54.318: [INFO][SyncManagerImpl::ConfigureSyncer] Types to download:  with reason: 5
2024-12-03 02:59:54.318: [INFO][SyncEngineBackend::DoFinishConfigureDataTypes] Failed to download types:  and succeeded types: 
2024-12-03 02:59:54.318: [INFO][Sync] ConfigurationDone, failed: , succeeded: , remaining count: 1
2024-12-03 02:59:54.324: [INFO][SyncManagerImpl::ConfigureSyncer] Types to download:  with reason: 5
2024-12-03 02:59:54.324: [INFO][SyncEngineBackend::DoFinishConfigureDataTypes] Failed to download types:  and succeeded types: 
2024-12-03 02:59:54.329: [INFO][Sync] ConfigurationDone, failed: , succeeded: , remaining count: 0
2024-12-03 02:59:54.335: [INFO][Sync]     Configuration completed, state: 7
2024-12-03 02:59:54.337: [INFO][Sync] Configured DataTypeManager: Ok
2024-12-03 02:59:54.350: [INFO][SyncEngineBackend::DoStartSyncing] Start syncing
2024-12-03 04:31:57.543: [INFO][Sync] Reset engine, reason: 0
2024-12-03 04:31:57.547: [INFO][Sync] Reset engine with reason: 0
2024-12-05 12:06:54.182: [INFO][Sync] SyncState after authenticated was: FeatureCanStart
2024-12-05 12:07:00.915: [INFO][Sync] Try to start sync engine
2024-12-05 12:07:00.945: [INFO][SyncManagerImpl::NudgeForInitialDownload] Initial download nudge for Encryption Keys
2024-12-05 12:07:00.945: [INFO][SyncEngineBackend::LoadAndConnectNigoriController] Load and connect Nigori controller
2024-12-05 12:07:00.945: [INFO][SyncEngineBackend::DoInitialize] Control Types added: Encryption Keys
2024-12-05 12:07:00.945: [INFO][SyncManagerImpl::ConfigureSyncer] Types to download: Encryption Keys with reason: 3
2024-12-05 12:07:00.946: [INFO][SyncSchedulerImpl::DoConfigurationSyncCycleJob] Configure job was blocked
2024-12-05 12:07:14.678: [INFO][SyncAuthManager::SetLastAuthError] Current auth error: None
2024-12-05 12:07:14.679: [INFO][SyncAuthManager::EdgeLogTokenErrorState] Token error with: None for account type: MSA
2024-12-05 12:07:14.680: [INFO][Sync] Credentials changed for: EdgeSyncKeyDataScope
2024-12-05 12:07:14.680: [INFO][SyncEngineBackend::DoUpdateKeyDataCredentials] Update key data credentials
2024-12-05 12:07:15.314: [INFO][SyncAuthManager::SetLastAuthError] Current auth error: None
2024-12-05 12:07:15.314: [INFO][SyncAuthManager::EdgeLogTokenErrorState] Token error with: None for account type: MSA
2024-12-05 12:07:15.314: [INFO][Sync] Credentials changed for: EdgeSyncScopeNew
2024-12-05 12:07:15.315: [INFO][SyncEngineBackend::DoUpdateCredentials] Update credentials
2024-12-05 12:07:15.315: [INFO][SyncSchedulerImpl::DoConfigurationSyncCycleJob] Blocked types:  and types to download: Encryption Keys
2024-12-05 12:07:17.351: [INFO][SyncEngineBackend::DoUpdateKeyDataCredentials] Update key data credentials
2024-12-05 12:07:17.369: [INFO][Sync] Started DataTypeManager configuration, reason: 4
2024-12-05 12:07:17.371: [INFO][Sync] Configuring for: Bookmarks, Preferences, Passwords, Autofill Profiles, Autofill, Typed URLs, Extensions, Sessions, Extension settings, History Delete Directives, Device Info, User Consents, Send Tab To Self, Web Apps, Collection, Edge E Drop, Edge Hub App Usage, Edge Tab Group, Edge Wallet, Encryption Keys, reason: 4, current state: 0
2024-12-05 12:07:17.379: [INFO][Sync] Configure, desired: Bookmarks, Preferences, Typed URLs, Extensions, Sessions, Extension settings, History Delete Directives, Device Info, User Consents, Send Tab To Self, Web Apps, Collection, Edge E Drop, Edge Hub App Usage, Edge Tab Group, Edge Wallet, Encryption Keys; Allow fail: Passwords, Autofill Profiles, Autofill
2024-12-05 12:07:17.381: [INFO][Sync] Loading: Bookmarks
2024-12-05 12:07:17.382: [INFO][Sync] Loading: Preferences
2024-12-05 12:07:17.382: [INFO][Sync] Loading: Typed URLs
2024-12-05 12:07:17.383: [INFO][Sync] Loading: Extensions
2024-12-05 12:07:17.384: [INFO][Sync] Loading: Sessions
2024-12-05 12:07:17.385: [INFO][Sync] Loading: Extension settings
2024-12-05 12:07:17.385: [INFO][Sync] Loading: History Delete Directives
2024-12-05 12:07:17.385: [INFO][Sync] Loading: Device Info
2024-12-05 12:07:17.385: [INFO][Sync] Loading: User Consents
2024-12-05 12:07:17.385: [INFO][Sync] Loading: Send Tab To Self
2024-12-05 12:07:17.385: [INFO][Sync] Loading: Web Apps
2024-12-05 12:07:17.385: [INFO][Sync] Loading: Collection
2024-12-05 12:07:17.386: [INFO][Sync] Loading: Edge E Drop
2024-12-05 12:07:17.386: [INFO][Sync] Loading: Edge Hub App Usage
2024-12-05 12:07:17.386: [INFO][Sync] Loading: Edge Tab Group
2024-12-05 12:07:17.386: [INFO][Sync] Loading: Edge Wallet
2024-12-05 12:07:17.414: [INFO][Sync] All data types are ready for configure.
2024-12-05 12:07:18.039: [INFO][Sync] Started DataTypeManager configuration, reason: 5
2024-12-05 12:07:18.039: [INFO][Sync] Configuring for: Bookmarks, Preferences, Passwords, Autofill Profiles, Autofill, Typed URLs, Extensions, Sessions, Extension settings, History Delete Directives, Device Info, User Consents, Send Tab To Self, Web Apps, Collection, Edge E Drop, Edge Hub App Usage, Edge Tab Group, Edge Wallet, Encryption Keys, reason: 5, current state: 1
2024-12-05 12:07:18.061: [INFO][SyncEngineBackend::DoStartConfiguration] Start configuration
2024-12-05 12:07:18.075: [INFO][SyncManagerImpl::ConfigureSyncer] Types to download:  with reason: 4
2024-12-05 12:07:18.075: [INFO][SyncEngineBackend::DoFinishConfigureDataTypes] Failed to download types:  and succeeded types: 
2024-12-05 12:07:18.077: [INFO][Sync] ConfigurationDone, failed: , succeeded: , remaining count: 3
2024-12-05 12:07:18.077: [WARN][Sync]     Reconfigure requested while configuration ongoing.
2024-12-05 12:07:18.078: [INFO][Sync] Configuring for: Bookmarks, Preferences, Passwords, Autofill Profiles, Autofill, Typed URLs, Extensions, Sessions, Extension settings, History Delete Directives, Device Info, User Consents, Send Tab To Self, Web Apps, Collection, Edge E Drop, Edge Hub App Usage, Edge Tab Group, Edge Wallet, Encryption Keys, reason: 5, current state: 2
2024-12-05 12:07:18.078: [INFO][Sync] Configure, desired: Bookmarks, Preferences, Passwords, Autofill Profiles, Autofill, Typed URLs, Extensions, Sessions, Extension settings, History Delete Directives, Device Info, User Consents, Send Tab To Self, Web Apps, Collection, Edge E Drop, Edge Hub App Usage, Edge Tab Group, Edge Wallet, Encryption Keys; Allow fail: 
2024-12-05 12:07:18.079: [INFO][Sync] Loading: Passwords
2024-12-05 12:07:18.079: [INFO][Sync] Loading: Autofill Profiles
2024-12-05 12:07:18.079: [INFO][Sync] Loading: Autofill
2024-12-05 12:07:18.081: [INFO][Sync] All data types are ready for configure.
2024-12-05 12:07:18.081: [INFO][SyncManagerImpl::NudgeForInitialDownload] Initial download nudge for Passwords
2024-12-05 12:07:18.081: [INFO][SyncManagerImpl::ConfigureSyncer] Types to download:  with reason: 5
2024-12-05 12:07:18.081: [INFO][SyncEngineBackend::DoFinishConfigureDataTypes] Failed to download types:  and succeeded types: 
2024-12-05 12:07:18.081: [INFO][Sync] ConfigurationDone, failed: , succeeded: , remaining count: 3
2024-12-05 12:07:18.082: [INFO][Sync] Prepare to configure types: Passwords, Encryption Keys
2024-12-05 12:07:18.082: [INFO][SyncManagerImpl::ConfigureSyncer] Types to download: Passwords, Encryption Keys with reason: 5
2024-12-05 12:07:18.082: [INFO][SyncSchedulerImpl::DoConfigurationSyncCycleJob] Blocked types:  and types to download: Passwords, Encryption Keys
2024-12-05 12:07:18.899: [INFO][SyncEngineBackend::DoFinishConfigureDataTypes] Failed to download types:  and succeeded types: Passwords, Encryption Keys
2024-12-05 12:07:18.905: [INFO][Sync] ConfigurationDone, failed: , succeeded: Passwords, Encryption Keys, remaining count: 2
2024-12-05 12:07:18.905: [INFO][SyncManagerImpl::ConfigureSyncer] Types to download:  with reason: 5
2024-12-05 12:07:18.905: [INFO][SyncEngineBackend::DoFinishConfigureDataTypes] Failed to download types:  and succeeded types: 
2024-12-05 12:07:18.905: [INFO][Sync] ConfigurationDone, failed: , succeeded: , remaining count: 1
2024-12-05 12:07:18.912: [INFO][SyncManagerImpl::ConfigureSyncer] Types to download:  with reason: 5
2024-12-05 12:07:18.912: [INFO][SyncEngineBackend::DoFinishConfigureDataTypes] Failed to download types:  and succeeded types: 
2024-12-05 12:07:18.915: [INFO][Sync] ConfigurationDone, failed: , succeeded: , remaining count: 0
2024-12-05 12:07:18.921: [INFO][Sync]     Configuration completed, state: 7
2024-12-05 12:07:18.925: [INFO][Sync] Configured DataTypeManager: Ok
2024-12-05 12:07:18.930: [INFO][SyncEngineBackend::DoStartSyncing] Start syncing
2024-12-05 12:08:36.168: [INFO][Sync] Connection status changed to: 2
2024-12-05 12:08:36.168: [INFO][SyncSchedulerImpl::OnSyncNetworkError] Syncer error: HTTP error (401)
2024-12-05 12:08:36.180: [WARN][Sync] NetworkError: HTTP error (401)
2024-12-05 12:08:36.195: [INFO][Commit::ReportFullCommitFailure] Commit Preferences failed with error: AuthError
2024-12-05 12:08:36.196: [INFO][SyncSchedulerImpl::DoNudgeSyncCycleJob] Syncer error: HTTP error (401)
2024-12-05 12:08:36.424: [INFO][SyncAuthManager::SetLastAuthError] Current auth error: None
2024-12-05 12:08:36.424: [INFO][SyncAuthManager::EdgeLogTokenErrorState] Token error with: None for account type: MSA
2024-12-05 12:08:36.425: [INFO][Sync] Credentials changed for: EdgeSyncScopeNew
2024-12-05 12:08:37.119: [INFO][SyncAuthManager::SetLastAuthError] Current auth error: None
2024-12-05 12:08:37.119: [INFO][SyncAuthManager::EdgeLogTokenErrorState] Token error with: None for account type: MSA
2024-12-05 12:08:37.119: [INFO][Sync] Credentials changed for: EdgeSyncKeyDataScope
2024-12-05 12:08:37.119: [INFO][SyncEngineBackend::DoUpdateKeyDataCredentials] Update key data credentials
2024-12-05 12:08:37.119: [INFO][SyncEngineBackend::DoUpdateCredentials] Update credentials
2024-12-05 12:26:06.091: [INFO][Sync] Reset engine, reason: 0
2024-12-05 12:26:06.091: [INFO][Sync] Reset engine with reason: 0
2024-12-06 00:50:28.917: [INFO][Sync] SyncState after authenticated was: FeatureCanStart
2024-12-06 00:50:34.092: [INFO][Sync] Try to start sync engine
2024-12-06 00:50:34.107: [INFO][SyncManagerImpl::NudgeForInitialDownload] Initial download nudge for Encryption Keys
2024-12-06 00:50:34.107: [INFO][SyncEngineBackend::LoadAndConnectNigoriController] Load and connect Nigori controller
2024-12-06 00:50:34.107: [INFO][SyncEngineBackend::DoInitialize] Control Types added: Encryption Keys
2024-12-06 00:50:34.107: [INFO][SyncManagerImpl::ConfigureSyncer] Types to download: Encryption Keys with reason: 3
2024-12-06 00:50:34.109: [INFO][SyncSchedulerImpl::DoConfigurationSyncCycleJob] Configure job was blocked
2024-12-06 00:50:34.918: [INFO][SyncAuthManager::SetLastAuthError] Current auth error: None
2024-12-06 00:50:34.918: [INFO][SyncAuthManager::EdgeLogTokenErrorState] Token error with: None for account type: MSA
2024-12-06 00:50:34.919: [INFO][Sync] Credentials changed for: EdgeSyncScopeNew
2024-12-06 00:51:28.592: [INFO][SyncAuthManager::EdgeLogTokenErrorState] Token error with: EDGE_AUTH_ERROR: 3, 13, 800704cf for account type: MSA
2024-12-06 00:51:28.592: [INFO][Sync] Credentials changed for: EdgeSyncKeyDataScope
2024-12-06 00:51:28.593: [INFO][SyncEngineBackend::DoUpdateCredentials] Update credentials
2024-12-06 00:51:28.593: [INFO][SyncSchedulerImpl::DoConfigurationSyncCycleJob] Blocked types:  and types to download: Encryption Keys
2024-12-06 00:51:28.623: [INFO][SyncSchedulerImpl::OnSyncNetworkError] Syncer error: Network error (ERR_INTERNET_DISCONNECTED)
2024-12-06 00:51:28.624: [INFO][SyncSchedulerImpl::DoConfigurationSyncCycleJob] Syncer error: Success
2024-12-06 00:51:28.628: [WARN][Sync] NetworkError: Network error (ERR_INTERNET_DISCONNECTED)
2024-12-06 00:52:11.549: [INFO][SyncAuthManager::EdgeLogTokenErrorState] Token error with: EDGE_AUTH_ERROR: 3, 13, 800704cf for account type: MSA
2024-12-06 00:52:11.549: [INFO][Sync] Credentials changed for: EdgeSyncKeyDataScope
2024-12-06 00:52:13.635: [INFO][SyncSchedulerImpl::DoConfigurationSyncCycleJob] Blocked types:  and types to download: Encryption Keys
2024-12-06 00:52:13.660: [INFO][SyncSchedulerImpl::OnSyncNetworkError] Syncer error: Network error (ERR_INTERNET_DISCONNECTED)
2024-12-06 00:52:13.661: [INFO][SyncSchedulerImpl::DoConfigurationSyncCycleJob] Syncer error: Success
2024-12-06 00:52:13.664: [WARN][Sync] NetworkError: Network error (ERR_INTERNET_DISCONNECTED)
2024-12-06 00:52:48.615: [INFO][SyncAuthManager::EdgeLogTokenErrorState] Token error with: EDGE_AUTH_ERROR: 3, 13, 800704cf for account type: MSA
2024-12-06 00:52:48.615: [INFO][Sync] Credentials changed for: EdgeSyncKeyDataScope
2024-12-06 00:53:21.180: [INFO][SyncSchedulerImpl::DoConfigurationSyncCycleJob] Blocked types:  and types to download: Encryption Keys
2024-12-06 00:53:21.187: [INFO][SyncSchedulerImpl::OnSyncNetworkError] Syncer error: Network error (ERR_INTERNET_DISCONNECTED)
2024-12-06 00:53:21.190: [INFO][SyncSchedulerImpl::DoConfigurationSyncCycleJob] Syncer error: Success
2024-12-06 00:53:21.202: [WARN][Sync] NetworkError: Network error (ERR_INTERNET_DISCONNECTED)
2024-12-06 00:53:27.800: [INFO][SyncAuthManager::EdgeLogTokenErrorState] Token error with: EDGE_AUTH_ERROR: 4, 2, 0 for account type: MSA
2024-12-06 00:53:27.800: [INFO][Sync] Credentials changed for: EdgeSyncKeyDataScope
2024-12-06 00:53:50.618: [INFO][SyncSchedulerImpl::DoConfigurationSyncCycleJob] Blocked types:  and types to download: Encryption Keys
2024-12-06 00:53:56.560: [INFO][Sync] Started DataTypeManager configuration, reason: 4
2024-12-06 00:53:56.562: [INFO][Sync] Configuring for: Bookmarks, Preferences, Passwords, Autofill Profiles, Autofill, Typed URLs, Extensions, Sessions, Extension settings, History Delete Directives, Device Info, User Consents, Send Tab To Self, Web Apps, Collection, Edge E Drop, Edge Hub App Usage, Edge Tab Group, Edge Wallet, Encryption Keys, reason: 4, current state: 0
2024-12-06 00:53:56.566: [INFO][SyncEngineBackend::DoStartConfiguration] Start configuration
2024-12-06 00:53:56.571: [INFO][Sync] Configure, desired: Bookmarks, Preferences, Typed URLs, Extensions, Sessions, Extension settings, History Delete Directives, Device Info, User Consents, Send Tab To Self, Web Apps, Collection, Edge E Drop, Edge Hub App Usage, Edge Tab Group, Edge Wallet, Encryption Keys; Allow fail: Passwords, Autofill Profiles, Autofill
2024-12-06 00:53:56.572: [INFO][Sync] Loading: Bookmarks
2024-12-06 00:53:56.573: [INFO][Sync] Loading: Preferences
2024-12-06 00:53:56.573: [INFO][Sync] Loading: Typed URLs
2024-12-06 00:53:56.574: [INFO][Sync] Loading: Extensions
2024-12-06 00:53:56.575: [INFO][Sync] Loading: Sessions
2024-12-06 00:53:56.575: [INFO][Sync] Loading: Extension settings
2024-12-06 00:53:56.575: [INFO][Sync] Loading: History Delete Directives
2024-12-06 00:53:56.576: [INFO][Sync] Loading: Device Info
2024-12-06 00:53:56.576: [INFO][Sync] Loading: User Consents
2024-12-06 00:53:56.576: [INFO][Sync] Loading: Send Tab To Self
2024-12-06 00:53:56.576: [INFO][Sync] Loading: Web Apps
2024-12-06 00:53:56.576: [INFO][Sync] Loading: Collection
2024-12-06 00:53:56.576: [INFO][Sync] Loading: Edge E Drop
2024-12-06 00:53:56.576: [INFO][Sync] Loading: Edge Hub App Usage
2024-12-06 00:53:56.577: [INFO][Sync] Loading: Edge Tab Group
2024-12-06 00:53:56.577: [INFO][Sync] Loading: Edge Wallet
2024-12-06 00:53:56.604: [INFO][Sync] All data types are ready for configure.
2024-12-06 00:53:56.606: [INFO][SyncManagerImpl::ConfigureSyncer] Types to download:  with reason: 4
2024-12-06 00:53:56.606: [INFO][SyncEngineBackend::DoFinishConfigureDataTypes] Failed to download types:  and succeeded types: 
2024-12-06 00:53:56.607: [INFO][Sync] ConfigurationDone, failed: , succeeded: , remaining count: 3
2024-12-06 00:53:56.609: [INFO][SyncManagerImpl::ConfigureSyncer] Types to download:  with reason: 4
2024-12-06 00:53:56.609: [INFO][SyncEngineBackend::DoFinishConfigureDataTypes] Failed to download types:  and succeeded types: 
2024-12-06 00:53:56.609: [INFO][Sync] ConfigurationDone, failed: , succeeded: , remaining count: 2
2024-12-06 00:53:56.609: [INFO][SyncManagerImpl::ConfigureSyncer] Types to download:  with reason: 4
2024-12-06 00:53:56.609: [INFO][SyncEngineBackend::DoFinishConfigureDataTypes] Failed to download types:  and succeeded types: 
2024-12-06 00:53:56.609: [INFO][Sync] ConfigurationDone, failed: , succeeded: , remaining count: 1
2024-12-06 00:53:56.616: [INFO][SyncManagerImpl::ConfigureSyncer] Types to download:  with reason: 4
2024-12-06 00:53:56.616: [INFO][SyncEngineBackend::DoFinishConfigureDataTypes] Failed to download types:  and succeeded types: 
2024-12-06 00:53:56.616: [INFO][Sync] ConfigurationDone, failed: , succeeded: , remaining count: 0
2024-12-06 00:53:56.620: [INFO][Sync]     Configuration completed, state: 3
2024-12-06 00:53:56.624: [INFO][Sync] Configured DataTypeManager: Ok
2024-12-06 00:53:56.628: [INFO][SyncEngineBackend::DoStartSyncing] Start syncing
2024-12-06 00:54:02.148: [INFO][SyncAuthManager::SetLastAuthError] Current auth error: None
2024-12-06 00:54:02.149: [INFO][SyncAuthManager::EdgeLogTokenErrorState] Token error with: None for account type: MSA
2024-12-06 00:54:02.149: [INFO][Sync] Credentials changed for: EdgeSyncKeyDataScope
2024-12-06 00:54:02.149: [INFO][SyncEngineBackend::DoUpdateKeyDataCredentials] Update key data credentials
2024-12-06 00:54:10.226: [INFO][Sync] Started DataTypeManager configuration, reason: 5
2024-12-06 00:54:10.226: [INFO][Sync] Configuring for: Bookmarks, Preferences, Passwords, Autofill Profiles, Autofill, Typed URLs, Extensions, Sessions, Extension settings, History Delete Directives, Device Info, User Consents, Send Tab To Self, Web Apps, Collection, Edge E Drop, Edge Hub App Usage, Edge Tab Group, Edge Wallet, Encryption Keys, reason: 5, current state: 3
2024-12-06 00:54:10.230: [INFO][Sync] Configure, desired: Bookmarks, Preferences, Passwords, Autofill Profiles, Autofill, Typed URLs, Extensions, Sessions, Extension settings, History Delete Directives, Device Info, User Consents, Send Tab To Self, Web Apps, Collection, Edge E Drop, Edge Hub App Usage, Edge Tab Group, Edge Wallet, Encryption Keys; Allow fail: 
2024-12-06 00:54:10.231: [INFO][Sync] Loading: Passwords
2024-12-06 00:54:10.231: [INFO][Sync] Loading: Autofill Profiles
2024-12-06 00:54:10.231: [INFO][Sync] Loading: Autofill
2024-12-06 00:54:10.274: [INFO][Sync] All data types are ready for configure.
2024-12-06 00:54:10.294: [INFO][SyncEngineBackend::DoStartConfiguration] Start configuration
2024-12-06 00:54:10.294: [INFO][SyncManagerImpl::NudgeForInitialDownload] Initial download nudge for Passwords
2024-12-06 00:54:10.294: [INFO][SyncManagerImpl::ConfigureSyncer] Types to download:  with reason: 5
2024-12-06 00:54:10.294: [INFO][SyncEngineBackend::DoFinishConfigureDataTypes] Failed to download types:  and succeeded types: 
2024-12-06 00:54:10.294: [INFO][Sync] ConfigurationDone, failed: , succeeded: , remaining count: 3
2024-12-06 00:54:10.294: [INFO][Sync] Prepare to configure types: Passwords, Encryption Keys
2024-12-06 00:54:10.307: [INFO][SyncManagerImpl::ConfigureSyncer] Types to download: Passwords, Encryption Keys with reason: 5
2024-12-06 00:54:10.307: [INFO][SyncSchedulerImpl::DoConfigurationSyncCycleJob] Blocked types:  and types to download: Passwords, Encryption Keys
2024-12-06 00:54:18.726: [INFO][SyncEngineBackend::DoFinishConfigureDataTypes] Failed to download types:  and succeeded types: Passwords, Encryption Keys
2024-12-06 00:54:18.731: [INFO][Sync] ConfigurationDone, failed: , succeeded: Passwords, Encryption Keys, remaining count: 2
2024-12-06 00:54:18.732: [INFO][SyncManagerImpl::ConfigureSyncer] Types to download:  with reason: 5
2024-12-06 00:54:18.732: [INFO][SyncEngineBackend::DoFinishConfigureDataTypes] Failed to download types:  and succeeded types: 
2024-12-06 00:54:18.733: [INFO][Sync] ConfigurationDone, failed: , succeeded: , remaining count: 1
2024-12-06 00:54:18.737: [INFO][SyncManagerImpl::ConfigureSyncer] Types to download:  with reason: 5
2024-12-06 00:54:18.737: [INFO][SyncEngineBackend::DoFinishConfigureDataTypes] Failed to download types:  and succeeded types: 
2024-12-06 00:54:18.737: [INFO][Sync] ConfigurationDone, failed: , succeeded: , remaining count: 0
2024-12-06 00:54:18.741: [INFO][Sync]     Configuration completed, state: 3
2024-12-06 00:54:18.742: [INFO][Sync] Configured DataTypeManager: Ok
2024-12-06 00:54:18.749: [INFO][SyncEngineBackend::DoStartSyncing] Start syncing
2024-12-06 00:55:32.259: [INFO][Sync] Reset engine, reason: 0
2024-12-06 00:55:32.259: [INFO][Sync] Reset engine with reason: 0
2024-12-06 01:15:05.621: [INFO][Sync] SyncState after authenticated was: FeatureCanStart
2024-12-06 01:15:10.751: [INFO][Sync] Try to start sync engine
2024-12-06 01:15:10.758: [INFO][SyncManagerImpl::NudgeForInitialDownload] Initial download nudge for Encryption Keys
2024-12-06 01:15:10.758: [INFO][SyncEngineBackend::LoadAndConnectNigoriController] Load and connect Nigori controller
2024-12-06 01:15:10.758: [INFO][SyncEngineBackend::DoInitialize] Control Types added: Encryption Keys
2024-12-06 01:15:10.758: [INFO][SyncManagerImpl::ConfigureSyncer] Types to download: Encryption Keys with reason: 3
2024-12-06 01:15:10.758: [INFO][SyncSchedulerImpl::DoConfigurationSyncCycleJob] Configure job was blocked
2024-12-06 01:15:17.896: [INFO][SyncAuthManager::SetLastAuthError] Current auth error: None
2024-12-06 01:15:17.897: [INFO][SyncAuthManager::EdgeLogTokenErrorState] Token error with: None for account type: MSA
2024-12-06 01:15:17.898: [INFO][Sync] Credentials changed for: EdgeSyncKeyDataScope
2024-12-06 01:15:17.901: [INFO][SyncEngineBackend::DoUpdateKeyDataCredentials] Update key data credentials
2024-12-06 01:15:18.469: [INFO][SyncAuthManager::SetLastAuthError] Current auth error: None
2024-12-06 01:15:18.469: [INFO][SyncAuthManager::EdgeLogTokenErrorState] Token error with: None for account type: MSA
2024-12-06 01:15:18.469: [INFO][Sync] Credentials changed for: EdgeSyncScopeNew
2024-12-06 01:15:18.470: [INFO][SyncEngineBackend::DoUpdateCredentials] Update credentials
2024-12-06 01:15:18.470: [INFO][SyncSchedulerImpl::DoConfigurationSyncCycleJob] Blocked types:  and types to download: Encryption Keys
2024-12-06 01:15:20.608: [INFO][SyncEngineBackend::DoUpdateKeyDataCredentials] Update key data credentials
2024-12-06 01:15:20.626: [INFO][Sync] Started DataTypeManager configuration, reason: 4
2024-12-06 01:15:20.626: [INFO][Sync] Configuring for: Bookmarks, Preferences, Passwords, Autofill Profiles, Autofill, Typed URLs, Extensions, Sessions, Extension settings, History Delete Directives, Device Info, User Consents, Send Tab To Self, Web Apps, Collection, Edge E Drop, Edge Hub App Usage, Edge Tab Group, Edge Wallet, Encryption Keys, reason: 4, current state: 0
2024-12-06 01:15:20.635: [INFO][Sync] Configure, desired: Bookmarks, Preferences, Typed URLs, Extensions, Sessions, Extension settings, History Delete Directives, Device Info, User Consents, Send Tab To Self, Web Apps, Collection, Edge E Drop, Edge Hub App Usage, Edge Tab Group, Edge Wallet, Encryption Keys; Allow fail: Passwords, Autofill Profiles, Autofill
2024-12-06 01:15:20.636: [INFO][Sync] Loading: Bookmarks
2024-12-06 01:15:20.637: [INFO][Sync] Loading: Preferences
2024-12-06 01:15:20.637: [INFO][Sync] Loading: Typed URLs
2024-12-06 01:15:20.638: [INFO][Sync] Loading: Extensions
2024-12-06 01:15:20.638: [INFO][Sync] Loading: Sessions
2024-12-06 01:15:20.638: [INFO][Sync] Loading: Extension settings
2024-12-06 01:15:20.639: [INFO][Sync] Loading: History Delete Directives
2024-12-06 01:15:20.640: [INFO][Sync] Loading: Device Info
2024-12-06 01:15:20.640: [INFO][Sync] Loading: User Consents
2024-12-06 01:15:20.640: [INFO][Sync] Loading: Send Tab To Self
2024-12-06 01:15:20.640: [INFO][Sync] Loading: Web Apps
2024-12-06 01:15:20.640: [INFO][Sync] Loading: Collection
2024-12-06 01:15:20.640: [INFO][Sync] Loading: Edge E Drop
2024-12-06 01:15:20.640: [INFO][Sync] Loading: Edge Hub App Usage
2024-12-06 01:15:20.640: [INFO][Sync] Loading: Edge Tab Group
2024-12-06 01:15:20.640: [INFO][Sync] Loading: Edge Wallet
2024-12-06 01:15:20.682: [INFO][Sync] All data types are ready for configure.
2024-12-06 01:15:22.436: [INFO][Sync] Started DataTypeManager configuration, reason: 5
2024-12-06 01:15:22.436: [INFO][Sync] Configuring for: Bookmarks, Preferences, Passwords, Autofill Profiles, Autofill, Typed URLs, Extensions, Sessions, Extension settings, History Delete Directives, Device Info, User Consents, Send Tab To Self, Web Apps, Collection, Edge E Drop, Edge Hub App Usage, Edge Tab Group, Edge Wallet, Encryption Keys, reason: 5, current state: 1
2024-12-06 01:15:22.440: [INFO][SyncEngineBackend::DoStartConfiguration] Start configuration
2024-12-06 01:15:22.441: [INFO][SyncManagerImpl::ConfigureSyncer] Types to download:  with reason: 4
2024-12-06 01:15:22.441: [INFO][SyncEngineBackend::DoFinishConfigureDataTypes] Failed to download types:  and succeeded types: 
2024-12-06 01:15:22.442: [INFO][Sync] ConfigurationDone, failed: , succeeded: , remaining count: 3
2024-12-06 01:15:22.442: [WARN][Sync]     Reconfigure requested while configuration ongoing.
2024-12-06 01:15:22.442: [INFO][Sync] Configuring for: Bookmarks, Preferences, Passwords, Autofill Profiles, Autofill, Typed URLs, Extensions, Sessions, Extension settings, History Delete Directives, Device Info, User Consents, Send Tab To Self, Web Apps, Collection, Edge E Drop, Edge Hub App Usage, Edge Tab Group, Edge Wallet, Encryption Keys, reason: 5, current state: 2
2024-12-06 01:15:22.442: [INFO][Sync] Configure, desired: Bookmarks, Preferences, Passwords, Autofill Profiles, Autofill, Typed URLs, Extensions, Sessions, Extension settings, History Delete Directives, Device Info, User Consents, Send Tab To Self, Web Apps, Collection, Edge E Drop, Edge Hub App Usage, Edge Tab Group, Edge Wallet, Encryption Keys; Allow fail: 
2024-12-06 01:15:22.443: [INFO][Sync] Loading: Passwords
2024-12-06 01:15:22.443: [INFO][Sync] Loading: Autofill Profiles
2024-12-06 01:15:22.443: [INFO][Sync] Loading: Autofill
2024-12-06 01:15:22.443: [INFO][Sync] All data types are ready for configure.
2024-12-06 01:15:22.443: [INFO][SyncManagerImpl::NudgeForInitialDownload] Initial download nudge for Passwords
2024-12-06 01:15:22.444: [INFO][SyncManagerImpl::ConfigureSyncer] Types to download:  with reason: 5
2024-12-06 01:15:22.444: [INFO][SyncEngineBackend::DoFinishConfigureDataTypes] Failed to download types:  and succeeded types: 
2024-12-06 01:15:22.444: [INFO][Sync] ConfigurationDone, failed: , succeeded: , remaining count: 3
2024-12-06 01:15:22.445: [INFO][Sync] Prepare to configure types: Passwords, Encryption Keys
2024-12-06 01:15:22.449: [INFO][SyncManagerImpl::ConfigureSyncer] Types to download: Passwords, Encryption Keys with reason: 5
2024-12-06 01:15:22.450: [INFO][SyncSchedulerImpl::DoConfigurationSyncCycleJob] Blocked types:  and types to download: Passwords, Encryption Keys
2024-12-06 01:15:23.258: [INFO][SyncEngineBackend::DoFinishConfigureDataTypes] Failed to download types:  and succeeded types: Passwords, Encryption Keys
2024-12-06 01:15:23.264: [INFO][Sync] ConfigurationDone, failed: , succeeded: Passwords, Encryption Keys, remaining count: 2
2024-12-06 01:15:23.268: [INFO][SyncManagerImpl::ConfigureSyncer] Types to download:  with reason: 5
2024-12-06 01:15:23.269: [INFO][SyncEngineBackend::DoFinishConfigureDataTypes] Failed to download types:  and succeeded types: 
2024-12-06 01:15:23.269: [INFO][Sync] ConfigurationDone, failed: , succeeded: , remaining count: 1
2024-12-06 01:15:23.275: [INFO][SyncManagerImpl::ConfigureSyncer] Types to download:  with reason: 5
2024-12-06 01:15:23.275: [INFO][SyncEngineBackend::DoFinishConfigureDataTypes] Failed to download types:  and succeeded types: 
2024-12-06 01:15:23.276: [INFO][Sync] ConfigurationDone, failed: , succeeded: , remaining count: 0
2024-12-06 01:15:23.281: [INFO][Sync]     Configuration completed, state: 7
2024-12-06 01:15:23.285: [INFO][Sync] Configured DataTypeManager: Ok
2024-12-06 01:15:23.291: [INFO][SyncEngineBackend::DoStartSyncing] Start syncing
2024-12-06 01:16:44.594: [INFO][Sync] Reset engine, reason: 0
2024-12-06 01:16:44.594: [INFO][Sync] Reset engine with reason: 0
